2020-12-30 23:55:46 ERROR UyeOlPageTest:16 - Test başlatılamadı
2020-12-31 00:26:07 INFO  UyeOlPageTest:18 - Test Edilecek Sayfa : En Trend Ürünler Türkiye'nin Online Alışveriş Sitesi Trendyol'da
2020-12-31 00:26:12 ERROR BasePage:40 - İmajı olmayan butik:Armonika Kadın Tekstil
2020-12-31 00:31:07 INFO  UyeOlPageTest:18 - Test Edilecek Sayfa : En Trend Ürünler Türkiye'nin Online Alışveriş Sitesi Trendyol'da
2020-12-31 00:33:49 INFO  UyeOlPageTest:18 - Test Edilecek Sayfa : En Trend Ürünler Türkiye'nin Online Alışveriş Sitesi Trendyol'da
2020-12-31 00:33:54 ERROR BasePage:46 - İmajı olmayan butik:Armonika Kadın Tekstil
2020-12-31 00:38:20 INFO  UyeOlPageTest:18 - Test Edilecek Sayfa : En Trend Ürünler Türkiye'nin Online Alışveriş Sitesi Trendyol'da
2020-12-31 00:38:25 ERROR BasePage:52 - İmajı olmayan butik:Armonika Kadın Tekstil
2020-12-31 00:43:18 INFO  UyeOlPageTest:18 - Test Edilecek Sayfa : En Trend Ürünler Türkiye'nin Online Alışveriş Sitesi Trendyol'da
2020-12-31 00:43:33 ERROR BasePage:52 - İmajı olmayan butik:Armonika Kadın Tekstil
2020-12-31 00:48:10 INFO  UyeOlPageTest:18 - Test Edilecek Sayfa : En Trend Ürünler Türkiye'nin Online Alışveriş Sitesi Trendyol'da
2020-12-31 00:48:15 ERROR BasePage:73 - İmajı olmayan butik:Armonika Kadın Tekstil
2020-12-31 00:49:02 INFO  UyeOlPageTest:18 - Test Edilecek Sayfa : En Trend Ürünler Türkiye'nin Online Alışveriş Sitesi Trendyol'da
2020-12-31 01:08:10 INFO  UyeOlPageTest:18 - Test Edilecek Sayfa : En Trend Ürünler Türkiye'nin Online Alışveriş Sitesi Trendyol'da
2020-12-31 01:10:26 INFO  UyeOlPageTest:18 - Test Edilecek Sayfa : En Trend Ürünler Türkiye'nin Online Alışveriş Sitesi Trendyol'da
2020-12-31 01:22:44 INFO  UyeOlPageTest:18 - Test Edilecek Sayfa : En Trend Ürünler Türkiye'nin Online Alışveriş Sitesi Trendyol'da
2020-12-31 01:23:37 INFO  UyeOlPageTest:18 - Test Edilecek Sayfa : En Trend Ürünler Türkiye'nin Online Alışveriş Sitesi Trendyol'da
2020-12-31 01:24:57 INFO  UyeOlPageTest:18 - Test Edilecek Sayfa : En Trend Ürünler Türkiye'nin Online Alışveriş Sitesi Trendyol'da
2020-12-31 01:25:38 INFO  UyeOlPageTest:18 - Test Edilecek Sayfa : En Trend Ürünler Türkiye'nin Online Alışveriş Sitesi Trendyol'da
2020-12-31 01:26:26 INFO  UyeOlPageTest:18 - Test Edilecek Sayfa : En Trend Ürünler Türkiye'nin Online Alışveriş Sitesi Trendyol'da
2020-12-31 01:34:04 INFO  UyeOlPageTest:18 - Test Edilecek Sayfa : En Trend Ürünler Türkiye'nin Online Alışveriş Sitesi Trendyol'da
2020-12-31 01:39:34 INFO  UyeOlPageTest:18 - Test Edilecek Sayfa : En Trend Ürünler Türkiye'nin Online Alışveriş Sitesi Trendyol'da
2020-12-31 01:39:42 ERROR BasePage:49 - İmajı olmayan butik:Sağlık Ürünlerinde İndirim Karnavalı
2020-12-31 01:47:30 INFO  UyeOlPageTest:18 - Test Edilecek Sayfa : En Trend Ürünler Türkiye'nin Online Alışveriş Sitesi Trendyol'da
2020-12-31 01:48:00 ERROR BasePage:53 - İmajı olmayan butikler:Sağlık Ürünlerinde İndirim Karnavalı
2020-12-31 01:50:17 INFO  UyeOlPageTest:18 - Test Edilecek Sayfa : En Trend Ürünler Türkiye'nin Online Alışveriş Sitesi Trendyol'da
2020-12-31 01:50:49 ERROR BasePage:54 - İmajı olmayan butikler:Sağlık Ürünlerinde İndirim Karnavalı
2020-12-31 01:51:23 INFO  UyeOlPageTest:18 - Test Edilecek Sayfa : En Trend Ürünler Türkiye'nin Online Alışveriş Sitesi Trendyol'da
2020-12-31 01:51:36 ERROR BasePage:54 - İmajı olmayan butikler:Sağlık Ürünlerinde İndirim Karnavalı
2020-12-31 01:53:36 INFO  UyeOlPageTest:18 - Test Edilecek Sayfa : En Trend Ürünler Türkiye'nin Online Alışveriş Sitesi Trendyol'da
2020-12-31 01:53:46 ERROR BasePage:54 - İmajı olmayan butikler:Sağlık Ürünlerinde İndirim Karnavalı
2020-12-31 01:54:21 INFO  UyeOlPageTest:18 - Test Edilecek Sayfa : En Trend Ürünler Türkiye'nin Online Alışveriş Sitesi Trendyol'da
2020-12-31 01:55:03 INFO  UyeOlPageTest:18 - Test Edilecek Sayfa : En Trend Ürünler Türkiye'nin Online Alışveriş Sitesi Trendyol'da
2020-12-31 01:55:25 ERROR BasePage:54 - İmajı olmayan butikler:Deripapuç - Yeni Sezon
2020-12-31 01:55:47 INFO  UyeOlPageTest:18 - Test Edilecek Sayfa : En Trend Ürünler Türkiye'nin Online Alışveriş Sitesi Trendyol'da
2020-12-31 01:56:01 ERROR BasePage:54 - İmajı olmayan butikler:Sağlık Ürünlerinde İndirim Karnavalı
2020-12-31 01:57:00 INFO  UyeOlPageTest:18 - Test Edilecek Sayfa : En Trend Ürünler Türkiye'nin Online Alışveriş Sitesi Trendyol'da
2020-12-31 01:57:15 ERROR BasePage:54 - İmajı olmayan butikler:Sağlık Ürünlerinde İndirim Karnavalı
2020-12-31 01:57:22 ERROR BasePage:54 - İmajı olmayan butikler:Sağlık Ürünlerinde İndirim Karnavalı
2020-12-31 01:57:45 ERROR BasePage:54 - İmajı olmayan butikler:Koray Spor
2020-12-31 02:03:26 INFO  UyeOlPageTest:18 - Test Edilecek Sayfa : En Trend Ürünler Türkiye'nin Online Alışveriş Sitesi Trendyol'da
2020-12-31 02:03:34 INFO  BasePage:56 - 0
2020-12-31 02:03:42 INFO  BasePage:56 - 1
2020-12-31 02:03:42 ERROR BasePage:58 - İmajı olmayan butikler:Sağlık Ürünlerinde İndirim Karnavalı
2020-12-31 02:03:47 INFO  BasePage:56 - 0
2020-12-31 02:03:52 INFO  BasePage:56 - 0
2020-12-31 02:03:56 INFO  BasePage:56 - 0
2020-12-31 02:04:01 INFO  BasePage:56 - 0
2020-12-31 02:04:06 INFO  BasePage:56 - 3
2020-12-31 02:04:06 ERROR BasePage:58 - İmajı olmayan butikler:Çantada Yaz Fırsatları
2020-12-31 02:04:10 INFO  BasePage:56 - 0
2020-12-31 02:04:15 INFO  BasePage:56 - 0
2020-12-31 02:12:14 INFO  UyeOlPageTest:18 - Test Edilecek Sayfa : En Trend Ürünler Türkiye'nin Online Alışveriş Sitesi Trendyol'da
2020-12-31 02:12:25 INFO  BasePage:56 - 1
2020-12-31 02:12:25 ERROR BasePage:59 - İmajı olmayan butikler:Sağlık Ürünlerinde İndirim Karnavalı
2020-12-31 02:12:33 INFO  BasePage:56 - 1
2020-12-31 02:12:33 ERROR BasePage:59 - İmajı olmayan butikler:Sağlık Ürünlerinde İndirim Karnavalı
2020-12-31 02:12:36 INFO  BasePage:56 - 0
2020-12-31 02:12:40 INFO  BasePage:56 - 0
2020-12-31 02:12:46 INFO  BasePage:56 - 0
2020-12-31 02:12:51 INFO  BasePage:56 - 0
2020-12-31 02:12:55 INFO  BasePage:56 - 2
2020-12-31 02:12:55 ERROR BasePage:59 - İmajı olmayan butikler:Koray Spor
2020-12-31 02:12:55 ERROR BasePage:59 - İmajı olmayan butikler:Aldo & Sole Sisters
2020-12-31 02:12:59 INFO  BasePage:56 - 0
2020-12-31 02:13:03 INFO  BasePage:56 - 0
2020-12-31 11:44:53 INFO  UyeOlPageTest:18 - Test Edilecek Sayfa : En Trend Ürünler Türkiye'nin Online Alışveriş Sitesi Trendyol'da
2020-12-31 11:45:02 INFO  BasePage:58 - 20
2020-12-31 11:45:02 ERROR BasePage:61 - İmajı olmayan butikler:Tohum Otizm Vakfı
2020-12-31 11:45:02 ERROR BasePage:61 - İmajı olmayan butikler:39 TL Altı Fiyatlar
2020-12-31 11:45:02 ERROR BasePage:61 - İmajı olmayan butikler:adidas
2020-12-31 11:45:02 ERROR BasePage:61 - İmajı olmayan butikler:Gümüş Takılarda Büyük İndirim
2020-12-31 11:45:02 ERROR BasePage:61 - İmajı olmayan butikler:Lüks Tasarım Şıklığı
2020-12-31 11:45:02 ERROR BasePage:61 - İmajı olmayan butikler:Ev Tekstilinde Kaçırılmaz Fırsatlar
2020-12-31 11:45:02 ERROR BasePage:61 - İmajı olmayan butikler:Exxeselection
2020-12-31 11:45:02 ERROR BasePage:61 - İmajı olmayan butikler:Y-London
2020-12-31 11:45:02 ERROR BasePage:61 - İmajı olmayan butikler:W-Lab Kozmetik
2020-12-31 11:45:02 ERROR BasePage:61 - İmajı olmayan butikler:mavi - Yeni Sezon
2020-12-31 11:45:02 ERROR BasePage:61 - İmajı olmayan butikler:Mobilyada En Yeniler
2020-12-31 11:45:02 ERROR BasePage:61 - İmajı olmayan butikler:Deripapuç - Yeni Sezon
2020-12-31 11:45:02 ERROR BasePage:61 - İmajı olmayan butikler:Puma
2020-12-31 11:45:02 ERROR BasePage:61 - İmajı olmayan butikler:Cat & Harley Davidson
2020-12-31 11:45:02 ERROR BasePage:61 - İmajı olmayan butikler:Elektrikli Ev Aletleri
2020-12-31 11:45:02 ERROR BasePage:61 - İmajı olmayan butikler:Halı & Perdede İndirim
2020-12-31 11:45:02 ERROR BasePage:61 - İmajı olmayan butikler:Süpermarkette Temel İhtiyaçlarınız Kapınızda
2020-12-31 11:45:02 ERROR BasePage:61 - İmajı olmayan butikler:Sepette %50'ye Varan İndirimler
2020-12-31 11:45:02 ERROR BasePage:61 - İmajı olmayan butikler:Armani Exchange
2020-12-31 11:45:02 ERROR BasePage:61 - İmajı olmayan butikler:Televizyonlarda Kaçırılmayacak Fırsatlar
2020-12-31 11:45:05 INFO  BasePage:58 - 20
2020-12-31 11:45:05 ERROR BasePage:61 - İmajı olmayan butikler:Pull & Bear - Kadın & Erkek
2020-12-31 11:45:05 ERROR BasePage:61 - İmajı olmayan butikler:Hummel
2020-12-31 11:45:05 ERROR BasePage:61 - İmajı olmayan butikler:Ziya - Yeni Sezon
2020-12-31 11:45:05 ERROR BasePage:61 - İmajı olmayan butikler:Tarzını Aksesuarla Tamamla
2020-12-31 11:45:05 ERROR BasePage:61 - İmajı olmayan butikler:Mobilyada Flaş İndirimler
2020-12-31 11:45:05 ERROR BasePage:61 - İmajı olmayan butikler:Dev İndirim - Ev
2020-12-31 11:45:05 ERROR BasePage:61 - İmajı olmayan butikler:Puma
2020-12-31 11:45:05 ERROR BasePage:61 - İmajı olmayan butikler:39 TL Altı Fiyatlar
2020-12-31 11:45:05 ERROR BasePage:61 - İmajı olmayan butikler:adidas
2020-12-31 11:45:05 ERROR BasePage:61 - İmajı olmayan butikler:Süpermarkette Temel İhtiyaçlarınız Kapınızda
2020-12-31 11:45:05 ERROR BasePage:61 - İmajı olmayan butikler:Damat - Erkek Tekstil
2020-12-31 11:45:05 ERROR BasePage:61 - İmajı olmayan butikler:Pratik Ev Gereçleri
2020-12-31 11:45:05 ERROR BasePage:61 - İmajı olmayan butikler:LTB
2020-12-31 11:45:05 ERROR BasePage:61 - İmajı olmayan butikler:Ev Tekstilinde Kaçırılmaz Fırsatlar
2020-12-31 11:45:05 ERROR BasePage:61 - İmajı olmayan butikler:Instreet
2020-12-31 11:45:05 ERROR BasePage:61 - İmajı olmayan butikler:Aydınlatmada İndirim Zamanı - sepette %35 indirim
2020-12-31 11:45:05 ERROR BasePage:61 - İmajı olmayan butikler:Jack & Jones
2020-12-31 11:45:05 ERROR BasePage:61 - İmajı olmayan butikler:Sofra Mutfak Ürünlerinde Aradığınız Her Şey
2020-12-31 11:45:05 ERROR BasePage:61 - İmajı olmayan butikler:Slazenger
2020-12-31 11:45:05 ERROR BasePage:61 - İmajı olmayan butikler:Gümüş Takılarda Büyük İndirim
2020-12-31 11:45:08 INFO  BasePage:58 - 20
2020-12-31 11:45:08 ERROR BasePage:61 - İmajı olmayan butikler:adidas
2020-12-31 11:45:08 ERROR BasePage:61 - İmajı olmayan butikler:Minikler İçin Mont Fırsatları
2020-12-31 11:45:08 ERROR BasePage:61 - İmajı olmayan butikler:Hamile Giyim Fırsatları
2020-12-31 11:45:08 ERROR BasePage:61 - İmajı olmayan butikler:Koray Spor
2020-12-31 11:45:08 ERROR BasePage:61 - İmajı olmayan butikler:Wonder Kids
2020-12-31 11:45:08 ERROR BasePage:61 - İmajı olmayan butikler:Kehribar
2020-12-31 11:45:08 ERROR BasePage:61 - İmajı olmayan butikler:Markastok
2020-12-31 11:45:08 ERROR BasePage:61 - İmajı olmayan butikler:Ev Giyim & İç Giyimde Yeni Yıl Fırsatları
2020-12-31 11:45:08 ERROR BasePage:61 - İmajı olmayan butikler:Kinetix Lumberjack Dockers
2020-12-31 11:45:08 ERROR BasePage:61 - İmajı olmayan butikler:Instreet
2020-12-31 11:45:08 ERROR BasePage:61 - İmajı olmayan butikler:Dünya Markalarında Sezon İndirimi
2020-12-31 11:45:08 ERROR BasePage:61 - İmajı olmayan butikler:Vans & Herschel
2020-12-31 11:45:08 ERROR BasePage:61 - İmajı olmayan butikler:Herkese Lazım
2020-12-31 11:45:08 ERROR BasePage:61 - İmajı olmayan butikler:Sportstyle
2020-12-31 11:45:08 ERROR BasePage:61 - İmajı olmayan butikler:Çantada Yaz Fırsatları
2020-12-31 11:45:08 ERROR BasePage:61 - İmajı olmayan butikler:Dergilerini Seç ve Keyifle Oku!
2020-12-31 11:45:08 ERROR BasePage:61 - İmajı olmayan butikler:Lescon
2020-12-31 11:45:08 ERROR BasePage:61 - İmajı olmayan butikler:Bebeğim İçin Her Şey
2020-12-31 11:45:08 ERROR BasePage:61 - İmajı olmayan butikler:Anıl & Lingabooms - Pijama & İç Giyim
2020-12-31 11:45:08 ERROR BasePage:61 - İmajı olmayan butikler:Pubg Mobile
2020-12-31 11:45:11 INFO  BasePage:58 - 20
2020-12-31 11:45:11 ERROR BasePage:61 - İmajı olmayan butikler:English Home
2020-12-31 11:45:11 ERROR BasePage:61 - İmajı olmayan butikler:Yılın En Çok Satan Kitapları
2020-12-31 11:45:11 ERROR BasePage:61 - İmajı olmayan butikler:Kullan At Market
2020-12-31 11:45:11 ERROR BasePage:61 - İmajı olmayan butikler:Bisiklet & Paten & Scooter
2020-12-31 11:45:11 ERROR BasePage:61 - İmajı olmayan butikler:Yıldız Mobilya
2020-12-31 11:45:11 ERROR BasePage:61 - İmajı olmayan butikler:Çeyiz Listesi - Salon Mobilyaları
2020-12-31 11:45:11 ERROR BasePage:61 - İmajı olmayan butikler:Hobilerinize Zaman Ayırın
2020-12-31 11:45:11 ERROR BasePage:61 - İmajı olmayan butikler:Hayatınızı Kolaylaştıran Ürünler
2020-12-31 11:45:11 ERROR BasePage:61 - İmajı olmayan butikler:Doğayla Buluşmaya Az Kaldı
2020-12-31 11:45:11 ERROR BasePage:61 - İmajı olmayan butikler:Tepe Home 
2020-12-31 11:45:11 ERROR BasePage:61 - İmajı olmayan butikler:Vivense
2020-12-31 11:45:11 ERROR BasePage:61 - İmajı olmayan butikler:Aracınız İçin Ses ve Görüntü Sistemleri
2020-12-31 11:45:11 ERROR BasePage:61 - İmajı olmayan butikler:Romano Dizayn
2020-12-31 11:45:11 ERROR BasePage:61 - İmajı olmayan butikler:Hamm 
2020-12-31 11:45:11 ERROR BasePage:61 - İmajı olmayan butikler:Adore Mobilya
2020-12-31 11:45:11 ERROR BasePage:61 - İmajı olmayan butikler:Sepette İyilik
2020-12-31 11:45:11 ERROR BasePage:61 - İmajı olmayan butikler:Banyo Ürünleri Fırsatları
2020-12-31 11:45:11 ERROR BasePage:61 - İmajı olmayan butikler:Patili Dostlarımızın Temel İhtiyaçları
2020-12-31 11:45:11 ERROR BasePage:61 - İmajı olmayan butikler:Madame Coco - Sofra & Mutfak & Ev Tekstili
2020-12-31 11:45:11 ERROR BasePage:61 - İmajı olmayan butikler:IKEA
2020-12-31 11:45:14 INFO  BasePage:58 - 0
2020-12-31 11:45:19 INFO  BasePage:58 - 0
2020-12-31 11:45:23 INFO  BasePage:58 - 2
2020-12-31 11:45:23 ERROR BasePage:61 - İmajı olmayan butikler:Koray Spor
2020-12-31 11:45:23 ERROR BasePage:61 - İmajı olmayan butikler:Aldo & Sole Sisters
2020-12-31 11:45:27 INFO  BasePage:58 - 0
2020-12-31 11:45:34 INFO  BasePage:58 - 0
2020-12-31 11:49:27 INFO  UyeOlPageTest:18 - Test Edilecek Sayfa : En Trend Ürünler Türkiye'nin Online Alışveriş Sitesi Trendyol'da
2020-12-31 11:49:40 INFO  BasePage:58 - 1
2020-12-31 11:49:40 ERROR BasePage:61 - İmajı olmayan butikler:Aldo & Sole Sisters
2020-12-31 11:49:48 INFO  BasePage:58 - 1
2020-12-31 11:49:48 ERROR BasePage:61 - İmajı olmayan butikler:Aldo & Sole Sisters
2020-12-31 11:49:53 INFO  BasePage:58 - 0
2020-12-31 11:49:58 INFO  BasePage:58 - 0
2020-12-31 11:50:03 INFO  BasePage:58 - 0
2020-12-31 11:50:10 INFO  BasePage:58 - 0
2020-12-31 11:50:14 INFO  BasePage:58 - 2
2020-12-31 11:50:14 ERROR BasePage:61 - İmajı olmayan butikler:Koray Spor
2020-12-31 11:50:14 ERROR BasePage:61 - İmajı olmayan butikler:Aldo & Sole Sisters
2020-12-31 11:50:18 INFO  BasePage:58 - 0
2020-12-31 11:50:22 INFO  BasePage:58 - 0
2020-12-31 11:52:12 INFO  UyeOlPageTest:18 - Test Edilecek Sayfa : En Trend Ürünler Türkiye'nin Online Alışveriş Sitesi Trendyol'da
2020-12-31 11:52:22 INFO  BasePage:58 - 1
2020-12-31 11:52:22 ERROR BasePage:61 - İmajı olmayan butikler:Aldo & Sole Sisters
2020-12-31 11:52:30 INFO  BasePage:58 - 1
2020-12-31 11:52:30 ERROR BasePage:61 - İmajı olmayan butikler:Aldo & Sole Sisters
2020-12-31 11:52:34 INFO  BasePage:58 - 0
2020-12-31 11:53:04 INFO  BasePage:58 - 0
2020-12-31 11:54:39 INFO  UyeOlPageTest:18 - Test Edilecek Sayfa : En Trend Ürünler Türkiye'nin Online Alışveriş Sitesi Trendyol'da
2020-12-31 11:56:26 INFO  UyeOlPageTest:18 - Test Edilecek Sayfa : En Trend Ürünler Türkiye'nin Online Alışveriş Sitesi Trendyol'da
2020-12-31 11:59:45 INFO  UyeOlPageTest:18 - Test Edilecek Sayfa : En Trend Ürünler Türkiye'nin Online Alışveriş Sitesi Trendyol'da
2020-12-31 11:59:59 INFO  BasePage:58 - 0
2020-12-31 12:00:17 INFO  BasePage:58 - 0
2020-12-31 12:00:26 INFO  BasePage:58 - 0
2020-12-31 12:02:40 INFO  UyeOlPageTest:18 - Test Edilecek Sayfa : En Trend Ürünler Türkiye'nin Online Alışveriş Sitesi Trendyol'da
2020-12-31 12:02:54 INFO  BasePage:58 - 0
2020-12-31 12:03:12 INFO  BasePage:58 - 0
2020-12-31 12:03:23 INFO  BasePage:58 - 0
2020-12-31 12:05:39 INFO  UyeOlPageTest:18 - Test Edilecek Sayfa : En Trend Ürünler Türkiye'nin Online Alışveriş Sitesi Trendyol'da
2020-12-31 12:05:53 INFO  BasePage:58 - 20
2020-12-31 12:05:53 ERROR BasePage:61 - İmajı olmayan butikler:Gant - Kadın & Erkek Koleksiyonu
2020-12-31 12:05:53 ERROR BasePage:61 - İmajı olmayan butikler:Ağda, Tüy Dökücü Krem ve Tıraş Bakım Ürünlerinde Kaçırılmayacak Fırsatlar
2020-12-31 12:05:53 ERROR BasePage:61 - İmajı olmayan butikler:Chiccy - Kadın Tekstil
2020-12-31 12:05:53 ERROR BasePage:61 - İmajı olmayan butikler:BluTV
2020-12-31 12:05:53 ERROR BasePage:61 - İmajı olmayan butikler:Opmar Optik
2020-12-31 12:05:53 ERROR BasePage:61 - İmajı olmayan butikler:Tesettürde Fırsat Zamanı
2020-12-31 12:05:53 ERROR BasePage:61 - İmajı olmayan butikler:Cacharel - Takı Koleksiyonu
2020-12-31 12:05:53 ERROR BasePage:61 - İmajı olmayan butikler:Stührling - Saat Koleksiyonu
2020-12-31 12:05:53 ERROR BasePage:61 - İmajı olmayan butikler:Ayakkabıda İndirim Fırsatları
2020-12-31 12:05:53 ERROR BasePage:61 - İmajı olmayan butikler:Seventh Generation Ürünlerinde Dev Fırsat
2020-12-31 12:05:53 ERROR BasePage:61 - İmajı olmayan butikler:Atasay
2020-12-31 12:05:53 ERROR BasePage:61 - İmajı olmayan butikler:Yeni Yıl Hediyeleri
2020-12-31 12:05:53 ERROR BasePage:61 - İmajı olmayan butikler:Faik Sönmez - Kadın Tekstil 
2020-12-31 12:05:53 ERROR BasePage:61 - İmajı olmayan butikler:Virüse Karşı Önlemler
2020-12-31 12:05:53 ERROR BasePage:61 - İmajı olmayan butikler:So CHIC...
2020-12-31 12:05:53 ERROR BasePage:61 - İmajı olmayan butikler:Ayakkabı Modası
2020-12-31 12:05:53 ERROR BasePage:61 - İmajı olmayan butikler:adidas & nike & puma - Çocuk Koleksiyonu
2020-12-31 12:05:53 ERROR BasePage:61 - İmajı olmayan butikler:Sepette İyilik
2020-12-31 12:05:53 ERROR BasePage:61 - İmajı olmayan butikler:DAS - Erkek Tekstil
2020-12-31 12:05:53 ERROR BasePage:61 - İmajı olmayan butikler:Regal
2020-12-31 12:06:09 INFO  BasePage:58 - 0
2020-12-31 12:06:20 INFO  BasePage:58 - 0
2020-12-31 12:24:20 INFO  UyeOlPageTest:18 - Test Edilecek Sayfa : En Trend Ürünler Türkiye'nin Online Alışveriş Sitesi Trendyol'da
2020-12-31 12:32:14 INFO  UyeOlPageTest:18 - Test Edilecek Sayfa : En Trend Ürünler Türkiye'nin Online Alışveriş Sitesi Trendyol'da
2020-12-31 12:32:20 INFO  BasePage:58 - 20
2020-12-31 12:32:20 ERROR BasePage:61 - İmajı olmayan butikler:Marks & Spencer - Kadın & Erkek & Çocuk & Ev Tekstil
2020-12-31 12:32:20 ERROR BasePage:61 - İmajı olmayan butikler:Mobilyada En Yeniler
2020-12-31 12:32:20 ERROR BasePage:61 - İmajı olmayan butikler:Bigdart - Kadın Tekstil
2020-12-31 12:32:20 ERROR BasePage:61 - İmajı olmayan butikler:Exxeselection
2020-12-31 12:32:20 ERROR BasePage:61 - İmajı olmayan butikler:İnan Ayakkabı 
2020-12-31 12:32:20 ERROR BasePage:61 - İmajı olmayan butikler:Size Özel Bakım Ürünleri
2020-12-31 12:32:20 ERROR BasePage:61 - İmajı olmayan butikler:Sepette %50'ye Varan İndirimler
2020-12-31 12:32:20 ERROR BasePage:61 - İmajı olmayan butikler:En Sevdiğiniz Mobilyalar
2020-12-31 12:32:20 ERROR BasePage:61 - İmajı olmayan butikler:Madmext - Erkek & Kadın Tekstil
2020-12-31 12:32:20 ERROR BasePage:61 - İmajı olmayan butikler:Grimelange - Erkek & Kadın Tekstil
2020-12-31 12:32:20 ERROR BasePage:61 - İmajı olmayan butikler:Tonny Black - Ayakkabı Koleksiyonu
2020-12-31 12:32:20 ERROR BasePage:61 - İmajı olmayan butikler:Dekorasyonda Yenilik Zamanı
2020-12-31 12:32:20 ERROR BasePage:61 - İmajı olmayan butikler:Armani Exchange
2020-12-31 12:32:20 ERROR BasePage:61 - İmajı olmayan butikler:Halı & Perdede İndirim
2020-12-31 12:32:20 ERROR BasePage:61 - İmajı olmayan butikler:Büyük Beden Trendleri - Kadın Tekstil
2020-12-31 12:32:20 ERROR BasePage:61 - İmajı olmayan butikler:W-Lab Kozmetik
2020-12-31 12:32:21 ERROR BasePage:61 - İmajı olmayan butikler:Angelsin & Merry See - Plaj & İç Giyim
2020-12-31 12:32:21 ERROR BasePage:61 - İmajı olmayan butikler:Under Armour - Sezon İndirimi
2020-12-31 12:32:21 ERROR BasePage:61 - İmajı olmayan butikler:Televizyonlarda Kaçırılmayacak Fırsatlar
2020-12-31 12:32:21 ERROR BasePage:61 - İmajı olmayan butikler:Siyah İnci - Pijama & İç Giyim
2020-12-31 12:32:29 INFO  BasePage:58 - 0
2020-12-31 12:32:36 INFO  BasePage:58 - 0
2020-12-31 12:32:42 INFO  BasePage:58 - 0
2020-12-31 12:32:48 INFO  BasePage:58 - 0
2020-12-31 12:32:53 INFO  BasePage:58 - 0
2020-12-31 12:32:59 INFO  BasePage:58 - 2
2020-12-31 12:32:59 ERROR BasePage:61 - İmajı olmayan butikler:Koray Spor
2020-12-31 12:32:59 ERROR BasePage:61 - İmajı olmayan butikler:Aldo & Sole Sisters
2020-12-31 12:33:03 INFO  BasePage:58 - 0
2020-12-31 12:33:08 INFO  BasePage:58 - 0
2020-12-31 12:34:07 INFO  UyeOlPageTest:18 - Test Edilecek Sayfa : En Trend Ürünler Türkiye'nin Online Alışveriş Sitesi Trendyol'da
2020-12-31 12:34:21 INFO  BasePage:58 - 0
2020-12-31 12:34:28 INFO  BasePage:58 - 0
2020-12-31 12:34:34 INFO  BasePage:58 - 0
2020-12-31 12:34:39 INFO  BasePage:58 - 0
2020-12-31 12:34:43 INFO  BasePage:58 - 0
2020-12-31 12:34:50 INFO  BasePage:58 - 0
2020-12-31 12:35:25 INFO  UyeOlPageTest:18 - Test Edilecek Sayfa : En Trend Ürünler Türkiye'nin Online Alışveriş Sitesi Trendyol'da
2020-12-31 12:35:36 INFO  BasePage:58 - 21
2020-12-31 12:35:36 ERROR BasePage:61 - İmajı olmayan butikler:Delta Spor
2020-12-31 12:35:36 ERROR BasePage:61 - İmajı olmayan butikler:Crocs & Birkenstock - Yaz Koleksiyonu
2020-12-31 12:35:36 ERROR BasePage:61 - İmajı olmayan butikler:Vizon Ayakkabı - Yeni Sezon
2020-12-31 12:35:36 ERROR BasePage:61 - İmajı olmayan butikler:Sporda Tasarım
2020-12-31 12:35:36 ERROR BasePage:61 - İmajı olmayan butikler:Raisa&Vanessa for Trendyol 
2020-12-31 12:35:36 ERROR BasePage:61 - İmajı olmayan butikler:Yılın En Çok Satan Kitapları
2020-12-31 12:35:36 ERROR BasePage:61 - İmajı olmayan butikler:Yavuzhan Tekstil - Ayakkabı Fırsatı
2020-12-31 12:35:36 ERROR BasePage:61 - İmajı olmayan butikler:Saçhane - Saç Bakım & Dermokozmetik
2020-12-31 12:35:36 ERROR BasePage:61 - İmajı olmayan butikler:Lancome
2020-12-31 12:35:36 ERROR BasePage:61 - İmajı olmayan butikler:Golden Rose
2020-12-31 12:35:36 ERROR BasePage:61 - İmajı olmayan butikler:İlvi - Yeni Sezon
2020-12-31 12:35:36 ERROR BasePage:61 - İmajı olmayan butikler:D Diamond - Pırlanta Takılar
2020-12-31 12:35:36 ERROR BasePage:61 - İmajı olmayan butikler:Siren Ertan
2020-12-31 12:35:36 ERROR BasePage:61 - İmajı olmayan butikler:Michael Kors & Versace Jeans Couture & Guess
2020-12-31 12:35:37 ERROR BasePage:61 - İmajı olmayan butikler:Düşyeri
2020-12-31 12:35:37 ERROR BasePage:61 - İmajı olmayan butikler:Hobilerinize Zaman Ayırın
2020-12-31 12:35:37 ERROR BasePage:61 - İmajı olmayan butikler:Notebook Çantaları
2020-12-31 12:35:37 ERROR BasePage:61 - İmajı olmayan butikler:Konyalı Saat
2020-12-31 12:35:37 ERROR BasePage:61 - İmajı olmayan butikler:Pierre Cardin - Çanta & Cüzdan & Valiz 30.11
2020-12-31 12:35:37 ERROR BasePage:61 - İmajı olmayan butikler:INGLOT
2020-12-31 12:35:37 ERROR BasePage:61 - İmajı olmayan butikler:Armadio Design
2020-12-31 12:35:39 INFO  BasePage:58 - 20
2020-12-31 12:35:39 ERROR BasePage:61 - İmajı olmayan butikler:Bu Fırsat Kaçmaz - Erkek & Kadın Tekstil 
2020-12-31 12:35:39 ERROR BasePage:61 - İmajı olmayan butikler:Banyonuz İçin Her Şey
2020-12-31 12:35:39 ERROR BasePage:61 - İmajı olmayan butikler:Pull & Bear - Kadın & Erkek
2020-12-31 12:35:39 ERROR BasePage:61 - İmajı olmayan butikler:adidas
2020-12-31 12:35:39 ERROR BasePage:61 - İmajı olmayan butikler:Sofra Mutfak Ürünlerinde Aradığınız Her Şey
2020-12-31 12:35:39 ERROR BasePage:61 - İmajı olmayan butikler:Hummel
2020-12-31 12:35:39 ERROR BasePage:61 - İmajı olmayan butikler:TRENDYOLMİLLA & TRENDYOL MAN Çok Satanlarda Kaçırılmayacak Fırsatlar
2020-12-31 12:35:39 ERROR BasePage:61 - İmajı olmayan butikler:Puma
2020-12-31 12:35:39 ERROR BasePage:61 - İmajı olmayan butikler:Tarzını Aksesuarla Tamamla
2020-12-31 12:35:39 ERROR BasePage:61 - İmajı olmayan butikler:Gümüş Takılarda Büyük İndirim
2020-12-31 12:35:39 ERROR BasePage:61 - İmajı olmayan butikler:LTB
2020-12-31 12:35:39 ERROR BasePage:61 - İmajı olmayan butikler:39 TL Altı Fiyatlar
2020-12-31 12:35:39 ERROR BasePage:61 - İmajı olmayan butikler:Damat - Erkek Tekstil
2020-12-31 12:35:39 ERROR BasePage:61 - İmajı olmayan butikler:Aydınlatmada İndirim Zamanı - sepette %35 indirim
2020-12-31 12:35:39 ERROR BasePage:61 - İmajı olmayan butikler:Jack & Jones
2020-12-31 12:35:39 ERROR BasePage:61 - İmajı olmayan butikler:Sofra Mutfak Fırsatları - Sepette %15
2020-12-31 12:35:39 ERROR BasePage:61 - İmajı olmayan butikler:Soho Exclusive & Soho Men - Ayakkabı Fırsatı
2020-12-31 12:35:39 ERROR BasePage:61 - İmajı olmayan butikler:Pratik Ev Gereçleri
2020-12-31 12:35:39 ERROR BasePage:61 - İmajı olmayan butikler:Ziya - Yeni Sezon
2020-12-31 12:35:39 ERROR BasePage:61 - İmajı olmayan butikler:Instreet
2020-12-31 12:35:46 INFO  BasePage:58 - 20
2020-12-31 12:35:46 ERROR BasePage:61 - İmajı olmayan butikler:BluTV
2020-12-31 12:35:46 ERROR BasePage:61 - İmajı olmayan butikler:Sokakta Eğlence Zamanı
2020-12-31 12:35:46 ERROR BasePage:61 - İmajı olmayan butikler:Panço - Yılbaşı Koleksiyonu
2020-12-31 12:35:46 ERROR BasePage:61 - İmajı olmayan butikler:Udemy Online Eğitim
2020-12-31 12:35:46 ERROR BasePage:61 - İmajı olmayan butikler:Fenerium - Yeni Sezon
2020-12-31 12:35:46 ERROR BasePage:61 - İmajı olmayan butikler:Gamer Ürünleri
2020-12-31 12:35:46 ERROR BasePage:61 - İmajı olmayan butikler:instax
2020-12-31 12:35:46 ERROR BasePage:61 - İmajı olmayan butikler:Sepette İyilik
2020-12-31 12:35:46 ERROR BasePage:61 - İmajı olmayan butikler:Çanta Festivali
2020-12-31 12:35:46 ERROR BasePage:61 - İmajı olmayan butikler:Çocuk Kırtasiye
2020-12-31 12:35:46 ERROR BasePage:61 - İmajı olmayan butikler:Çocuklara Özel Tasarımlar
2020-12-31 12:35:46 ERROR BasePage:61 - İmajı olmayan butikler:Ruck & Maul
2020-12-31 12:35:46 ERROR BasePage:61 - İmajı olmayan butikler:Defacto - Bebek Koleksiyonu
2020-12-31 12:35:46 ERROR BasePage:61 - İmajı olmayan butikler:Tchibo - Kadın & Erkek & Çocuk Tekstil
2020-12-31 12:35:46 ERROR BasePage:61 - İmajı olmayan butikler:Bebeğiniz için Organik Ürünler
2020-12-31 12:35:46 ERROR BasePage:61 - İmajı olmayan butikler:antebies - Çocuk Koleksiyonu
2020-12-31 12:35:46 ERROR BasePage:61 - İmajı olmayan butikler:Fast Step - Outlet İndirimi
2020-12-31 12:35:46 ERROR BasePage:61 - İmajı olmayan butikler:Tommy Life - Erkek & Kadın & Çocuk Tekstil
2020-12-31 12:35:46 ERROR BasePage:61 - İmajı olmayan butikler:League Of Legend's
2020-12-31 12:35:46 ERROR BasePage:61 - İmajı olmayan butikler:Sleepy Ayın Fırsatı
2020-12-31 12:35:49 INFO  BasePage:58 - 20
2020-12-31 12:35:49 ERROR BasePage:61 - İmajı olmayan butikler:Evinizi Yenileyin - Halı & Kilim & Perde
2020-12-31 12:35:49 ERROR BasePage:61 - İmajı olmayan butikler:Herkese Lazım
2020-12-31 12:35:49 ERROR BasePage:61 - İmajı olmayan butikler:Kayak Giyim Ve Ekipman Fırsatları
2020-12-31 12:35:49 ERROR BasePage:61 - İmajı olmayan butikler:LC Waikiki - Home
2020-12-31 12:35:49 ERROR BasePage:61 - İmajı olmayan butikler:Delta Spor
2020-12-31 12:35:49 ERROR BasePage:61 - İmajı olmayan butikler:Motosikletiniz İçin Her Şey
2020-12-31 12:35:49 ERROR BasePage:61 - İmajı olmayan butikler:Enza Home
2020-12-31 12:35:49 ERROR BasePage:61 - İmajı olmayan butikler:Yeni Moda Montessori
2020-12-31 12:35:49 ERROR BasePage:61 - İmajı olmayan butikler:Bahçemizi Güzelleştiriyoruz 
2020-12-31 12:35:49 ERROR BasePage:61 - İmajı olmayan butikler:English Home
2020-12-31 12:35:49 ERROR BasePage:61 - İmajı olmayan butikler:Kedi Mamaları
2020-12-31 12:35:49 ERROR BasePage:61 - İmajı olmayan butikler:Evidea
2020-12-31 12:35:49 ERROR BasePage:61 - İmajı olmayan butikler:Remo Assistance - Assistans Hizmetleri
2020-12-31 12:35:49 ERROR BasePage:61 - İmajı olmayan butikler:Calve Yeni Yıl Fırsatı
2020-12-31 12:35:49 ERROR BasePage:61 - İmajı olmayan butikler:Banyolarımızı Tasarlıyoruz
2020-12-31 12:35:49 ERROR BasePage:61 - İmajı olmayan butikler:Koroplast
2020-12-31 12:35:49 ERROR BasePage:61 - İmajı olmayan butikler:Jacobs ve Ofçay 100 TL üzeri 25 TL indirim
2020-12-31 12:35:49 ERROR BasePage:61 - İmajı olmayan butikler:İdefix - %50'ye Varan İndirim
2020-12-31 12:35:49 ERROR BasePage:61 - İmajı olmayan butikler:Banyonuza Renk Katın
2020-12-31 12:35:49 ERROR BasePage:61 - İmajı olmayan butikler:Yılın En Çok Satan Kitapları
2020-12-31 12:35:52 INFO  BasePage:58 - 17
2020-12-31 12:35:52 ERROR BasePage:61 - İmajı olmayan butikler:Veet&Veet Men
2020-12-31 12:35:52 ERROR BasePage:61 - İmajı olmayan butikler:Calve Yeni Yıl Fırsatı
2020-12-31 12:35:52 ERROR BasePage:61 - İmajı olmayan butikler:Jacobs ve Ofçay 100 TL üzeri 25 TL indirim
2020-12-31 12:35:52 ERROR BasePage:61 - İmajı olmayan butikler:Sağlık Ürünlerinde %6' a Varan Yılbaşı Fırsatları
2020-12-31 12:35:52 ERROR BasePage:61 - İmajı olmayan butikler:BigJoy Sporcu Ürünlerinde Sepette %15’e Varan İndirimler
2020-12-31 12:35:52 ERROR BasePage:61 - İmajı olmayan butikler:Konix - Yılın Fırsatı
2020-12-31 12:35:52 ERROR BasePage:61 - İmajı olmayan butikler:Mom's Green & Baby's Green Yıl Sonu Fırsatları
2020-12-31 12:35:52 ERROR BasePage:61 - İmajı olmayan butikler:Olivos
2020-12-31 12:35:52 ERROR BasePage:61 - İmajı olmayan butikler:SESU
2020-12-31 12:35:52 ERROR BasePage:61 - İmajı olmayan butikler:Paddlers
2020-12-31 12:35:52 ERROR BasePage:61 - İmajı olmayan butikler:Farmisol
2020-12-31 12:35:52 ERROR BasePage:61 - İmajı olmayan butikler:Seventh Generation Ürünlerinde Dev Fırsat
2020-12-31 12:35:52 ERROR BasePage:61 - İmajı olmayan butikler:Koroplast
2020-12-31 12:35:52 ERROR BasePage:61 - İmajı olmayan butikler:Kotex
2020-12-31 12:35:52 ERROR BasePage:61 - İmajı olmayan butikler:Lysol - Dezenfektan Sprey
2020-12-31 12:35:52 ERROR BasePage:61 - İmajı olmayan butikler:Beta Tea
2020-12-31 12:35:52 ERROR BasePage:61 - İmajı olmayan butikler:İnci Ağda
2020-12-31 12:35:57 INFO  BasePage:58 - 10
2020-12-31 12:35:57 ERROR BasePage:61 - İmajı olmayan butikler:Smashbox
2020-12-31 12:35:57 ERROR BasePage:61 - İmajı olmayan butikler:Perfume Point - Parfüm & Makyaj & Cilt Bakım
2020-12-31 12:35:57 ERROR BasePage:61 - İmajı olmayan butikler:Aveda
2020-12-31 12:35:57 ERROR BasePage:61 - İmajı olmayan butikler:THE BODY SHOP
2020-12-31 12:35:57 ERROR BasePage:61 - İmajı olmayan butikler:İnci Ağda
2020-12-31 12:35:57 ERROR BasePage:61 - İmajı olmayan butikler:EveryGreen - Saç Bakım
2020-12-31 12:35:57 ERROR BasePage:61 - İmajı olmayan butikler:New Well
2020-12-31 12:35:57 ERROR BasePage:61 - İmajı olmayan butikler:Lancome
2020-12-31 12:35:57 ERROR BasePage:61 - İmajı olmayan butikler:Faberlic
2020-12-31 12:35:57 ERROR BasePage:61 - İmajı olmayan butikler:Kozmela
2020-12-31 12:36:01 INFO  BasePage:58 - 2
2020-12-31 12:36:01 ERROR BasePage:61 - İmajı olmayan butikler:Koray Spor
2020-12-31 12:36:01 ERROR BasePage:61 - İmajı olmayan butikler:Aldo & Sole Sisters
2020-12-31 12:36:06 INFO  BasePage:58 - 0
2020-12-31 12:36:10 INFO  BasePage:58 - 0
2020-12-31 12:41:31 INFO  UyeOlPageTest:18 - Test Edilecek Sayfa : En Trend Ürünler Türkiye'nin Online Alışveriş Sitesi Trendyol'da
2020-12-31 12:41:43 INFO  BasePage:58 - 0
2020-12-31 12:43:36 INFO  UyeOlPageTest:18 - Test Edilecek Sayfa : En Trend Ürünler Türkiye'nin Online Alışveriş Sitesi Trendyol'da
2020-12-31 12:43:51 INFO  BasePage:58 - 0
2020-12-31 12:48:17 INFO  UyeOlPageTest:18 - Test Edilecek Sayfa : En Trend Ürünler Türkiye'nin Online Alışveriş Sitesi Trendyol'da
2020-12-31 12:48:57 INFO  UyeOlPageTest:18 - Test Edilecek Sayfa : En Trend Ürünler Türkiye'nin Online Alışveriş Sitesi Trendyol'da
2020-12-31 12:50:07 INFO  BasePage:58 - 1
2020-12-31 12:50:13 ERROR BasePage:61 - İmajı olmayan butikler:Yeşil Kundura
2020-12-31 12:59:48 INFO  UyeOlPageTest:18 - Test Edilecek Sayfa : En Trend Ürünler Türkiye'nin Online Alışveriş Sitesi Trendyol'da
2020-12-31 13:00:04 INFO  BasePage:58 - 0
2020-12-31 13:00:16 INFO  BasePage:58 - 0
2020-12-31 13:00:24 INFO  BasePage:58 - 0
2020-12-31 13:00:32 INFO  BasePage:58 - 0
2020-12-31 13:00:39 INFO  BasePage:58 - 0
2020-12-31 13:00:47 INFO  BasePage:58 - 0
2020-12-31 13:00:59 INFO  BasePage:58 - 2
2020-12-31 13:00:59 ERROR BasePage:61 - İmajı olmayan butikler:Koray Spor
2020-12-31 13:00:59 ERROR BasePage:61 - İmajı olmayan butikler:Aldo & Sole Sisters
2020-12-31 13:01:05 INFO  BasePage:58 - 0
2020-12-31 13:01:13 INFO  BasePage:58 - 0
2020-12-31 13:01:17 INFO  BasePage:58 - 0
2020-12-31 13:03:32 INFO  UyeOlPageTest:18 - Test Edilecek Sayfa : En Trend Ürünler Türkiye'nin Online Alışveriş Sitesi Trendyol'da
2020-12-31 13:03:41 INFO  BasePage:58 - 0
2020-12-31 13:07:59 INFO  BasePage:58 - 16
2020-12-31 13:08:21 INFO  UyeOlPageTest:18 - Test Edilecek Sayfa : En Trend Ürünler Türkiye'nin Online Alışveriş Sitesi Trendyol'da
2020-12-31 13:08:31 INFO  BasePage:58 - 0
2020-12-31 13:09:41 INFO  UyeOlPageTest:18 - Test Edilecek Sayfa : En Trend Ürünler Türkiye'nin Online Alışveriş Sitesi Trendyol'da
2020-12-31 13:09:52 INFO  BasePage:58 - 0
2020-12-31 13:09:58 INFO  BasePage:58 - 0
2020-12-31 13:11:03 INFO  UyeOlPageTest:18 - Test Edilecek Sayfa : En Trend Ürünler Türkiye'nin Online Alışveriş Sitesi Trendyol'da
2020-12-31 13:11:44 INFO  BasePage:58 - 0
2020-12-31 13:12:30 INFO  BasePage:58 - 0
2020-12-31 13:17:02 INFO  UyeOlPageTest:18 - Test Edilecek Sayfa : En Trend Ürünler Türkiye'nin Online Alışveriş Sitesi Trendyol'da
2020-12-31 13:18:03 INFO  UyeOlPageTest:18 - Test Edilecek Sayfa : En Trend Ürünler Türkiye'nin Online Alışveriş Sitesi Trendyol'da
2020-12-31 13:21:44 INFO  UyeOlPageTest:18 - Test Edilecek Sayfa : En Trend Ürünler Türkiye'nin Online Alışveriş Sitesi Trendyol'da
2020-12-31 13:23:06 INFO  UyeOlPageTest:18 - Test Edilecek Sayfa : En Trend Ürünler Türkiye'nin Online Alışveriş Sitesi Trendyol'da
2020-12-31 13:24:07 INFO  UyeOlPageTest:18 - Test Edilecek Sayfa : En Trend Ürünler Türkiye'nin Online Alışveriş Sitesi Trendyol'da
2020-12-31 13:25:23 INFO  BasePage:59 - 0
2020-12-31 13:26:20 INFO  BasePage:59 - 0
2020-12-31 13:42:48 INFO  UyeOlPageTest:18 - Test Edilecek Sayfa : En Trend Ürünler Türkiye'nin Online Alışveriş Sitesi Trendyol'da
2020-12-31 13:44:00 INFO  BasePage:59 - 1
2020-12-31 13:44:00 ERROR BasePage:62 - İmajı olmayan butikler:Yeşil Kundura
2020-12-31 13:44:23 INFO  BasePage:59 - 0
2020-12-31 13:46:05 INFO  UyeOlPageTest:18 - Test Edilecek Sayfa : En Trend Ürünler Türkiye'nin Online Alışveriş Sitesi Trendyol'da
2020-12-31 13:46:53 INFO  UyeOlPageTest:18 - Test Edilecek Sayfa : En Trend Ürünler Türkiye'nin Online Alışveriş Sitesi Trendyol'da
2020-12-31 13:48:05 INFO  BasePage:59 - 0
2020-12-31 13:48:39 INFO  UyeOlPageTest:18 - Test Edilecek Sayfa : En Trend Ürünler Türkiye'nin Online Alışveriş Sitesi Trendyol'da
2020-12-31 13:49:05 INFO  BasePage:59 - 20
2020-12-31 13:49:55 INFO  UyeOlPageTest:18 - Test Edilecek Sayfa : En Trend Ürünler Türkiye'nin Online Alışveriş Sitesi Trendyol'da
2020-12-31 13:50:04 INFO  BasePage:60 - 0
2020-12-31 13:51:00 INFO  UyeOlPageTest:18 - Test Edilecek Sayfa : En Trend Ürünler Türkiye'nin Online Alışveriş Sitesi Trendyol'da
2020-12-31 13:52:46 INFO  BasePage:60 - 5
2020-12-31 13:52:46 ERROR BasePage:63 - İmajı olmayan butikler:
2020-12-31 13:52:46 ERROR BasePage:63 - İmajı olmayan butikler:
2020-12-31 13:53:03 INFO  UyeOlPageTest:18 - Test Edilecek Sayfa : En Trend Ürünler Türkiye'nin Online Alışveriş Sitesi Trendyol'da
2020-12-31 13:53:40 INFO  BasePage:60 - 0
2020-12-31 13:54:28 INFO  UyeOlPageTest:18 - Test Edilecek Sayfa : En Trend Ürünler Türkiye'nin Online Alışveriş Sitesi Trendyol'da
2020-12-31 13:55:41 INFO  BasePage:60 - 0
2020-12-31 14:07:56 INFO  UyeOlPageTest:18 - Test Edilecek Sayfa : En Trend Ürünler Türkiye'nin Online Alışveriş Sitesi Trendyol'da
2020-12-31 14:07:57 INFO  BasePage:77 - Test Edilecek Sayfa : En Trend Ürünler Türkiye'nin Online Alışveriş Sitesi Trendyol'da
2020-12-31 14:08:00 INFO  BasePage:77 - Test Edilecek Sayfa : En Trend Ürünler Türkiye'nin Online Alışveriş Sitesi Trendyol'da
2020-12-31 14:08:00 INFO  BasePage:77 - Test Edilecek Sayfa : En Trend Ürünler Türkiye'nin Online Alışveriş Sitesi Trendyol'da
2020-12-31 14:08:01 INFO  BasePage:77 - Test Edilecek Sayfa : Kadın, Moda, Giyim, Stil, Giyim Markaları | Trendyol
2020-12-31 14:09:04 INFO  BasePage:60 - 0
2020-12-31 14:09:06 INFO  BasePage:77 - Test Edilecek Sayfa : Erkek Giyim, Erkek Kıyafetleri, Erkek Modası | Trendyol
2020-12-31 14:09:51 INFO  BasePage:60 - 0
2020-12-31 14:09:54 INFO  BasePage:77 - Test Edilecek Sayfa : Hamile Giyim, Bebek Kıyafetleri, Çocuk Giyim | Trendyol
2020-12-31 14:10:12 INFO  BasePage:60 - 0
2020-12-31 14:10:17 INFO  BasePage:77 - Test Edilecek Sayfa : Ev Aksesuarları, Ev Eşyaları, Ev ve Yaşam | Trendyol
2020-12-31 14:10:31 INFO  BasePage:60 - 0
2020-12-31 14:10:33 INFO  BasePage:77 - Test Edilecek Sayfa : En Trend Ürünler Türkiye'nin Online Alışveriş Sitesi Trendyol'da
2020-12-31 14:10:41 INFO  BasePage:60 - 0
2020-12-31 14:10:43 INFO  BasePage:77 - Test Edilecek Sayfa : Online Kozmetik, Makyaj Ürünleri, Bakım Ürünleri | Trendyol
2020-12-31 14:10:53 INFO  BasePage:60 - 0
2020-12-31 14:10:55 INFO  BasePage:77 - Test Edilecek Sayfa : Ayakkabı Al, Ayakkabı Markaları, Çanta Markaları | Trendyol
2020-12-31 14:11:15 INFO  BasePage:60 - 2
2020-12-31 14:11:15 ERROR BasePage:63 - İmajı olmayan butikler:Koray Spor
2020-12-31 14:11:15 ERROR BasePage:63 - İmajı olmayan butikler:Aldo & Sole Sisters
2020-12-31 14:11:16 INFO  BasePage:77 - Test Edilecek Sayfa : Kol Saati, Erkek Saat, Bayan Saat ve Gözlük Al | Trendyol
2020-12-31 14:11:26 INFO  BasePage:60 - 0
2020-12-31 14:11:28 INFO  BasePage:77 - Test Edilecek Sayfa : En Trend Ürünler Türkiye'nin Online Alışveriş Sitesi Trendyol'da
2020-12-31 14:11:35 INFO  BasePage:60 - 0
2020-12-31 14:11:45 INFO  BasePage:60 - 0
2020-12-31 14:16:19 INFO  UyeOlPageTest:18 - Test Edilecek Sayfa : En Trend Ürünler Türkiye'nin Online Alışveriş Sitesi Trendyol'da
2020-12-31 14:16:20 INFO  BasePage:77 - Test Edilecek Sayfa : Kadın, Moda, Giyim, Stil, Giyim Markaları | Trendyol
2020-12-31 14:16:23 INFO  BasePage:77 - Test Edilecek Sayfa : En Trend Ürünler Türkiye'nin Online Alışveriş Sitesi Trendyol'da
2020-12-31 14:16:23 INFO  BasePage:77 - Test Edilecek Sayfa : En Trend Ürünler Türkiye'nin Online Alışveriş Sitesi Trendyol'da
2020-12-31 14:16:24 INFO  BasePage:77 - Test Edilecek Sayfa : Kadın, Moda, Giyim, Stil, Giyim Markaları | Trendyol
2020-12-31 14:17:06 INFO  UyeOlPageTest:18 - Test Edilecek Sayfa : En Trend Ürünler Türkiye'nin Online Alışveriş Sitesi Trendyol'da
2020-12-31 14:17:08 INFO  BasePage:77 - Test Edilecek Sayfa : Kadın, Moda, Giyim, Stil, Giyim Markaları | Trendyol
2020-12-31 14:17:09 INFO  BasePage:77 - Test Edilecek Sayfa : En Trend Ürünler Türkiye'nin Online Alışveriş Sitesi Trendyol'da
2020-12-31 14:17:10 INFO  BasePage:77 - Test Edilecek Sayfa : En Trend Ürünler Türkiye'nin Online Alışveriş Sitesi Trendyol'da
2020-12-31 14:17:11 INFO  BasePage:77 - Test Edilecek Sayfa : Kadın, Moda, Giyim, Stil, Giyim Markaları | Trendyol
2020-12-31 14:19:21 INFO  UyeOlPageTest:18 - Test Edilecek Sayfa : En Trend Ürünler Türkiye'nin Online Alışveriş Sitesi Trendyol'da
2020-12-31 14:19:21 INFO  BasePage:77 - Test Edilecek Sayfa : En Trend Ürünler Türkiye'nin Online Alışveriş Sitesi Trendyol'da
2020-12-31 15:18:34 INFO  UyeOlPageTest:18 - Test Edilecek Sayfa : En Trend Ürünler Türkiye'nin Online Alışveriş Sitesi Trendyol'da
2020-12-31 15:18:35 INFO  BasePage:79 - Test Edilecek Sayfa : Kadın, Moda, Giyim, Stil, Giyim Markaları | Trendyol
2020-12-31 15:18:39 INFO  BasePage:79 - Test Edilecek Sayfa : En Trend Ürünler Türkiye'nin Online Alışveriş Sitesi Trendyol'da
2020-12-31 15:18:39 INFO  BasePage:79 - Test Edilecek Sayfa : En Trend Ürünler Türkiye'nin Online Alışveriş Sitesi Trendyol'da
2020-12-31 15:18:41 INFO  BasePage:79 - Test Edilecek Sayfa : Kadın, Moda, Giyim, Stil, Giyim Markaları | Trendyol
2020-12-31 15:19:43 INFO  BasePage:62 - 0
2020-12-31 15:19:46 INFO  BasePage:79 - Test Edilecek Sayfa : Erkek Giyim, Erkek Kıyafetleri, Erkek Modası | Trendyol
2020-12-31 15:20:30 INFO  BasePage:62 - 0
2020-12-31 15:20:34 INFO  BasePage:79 - Test Edilecek Sayfa : Hamile Giyim, Bebek Kıyafetleri, Çocuk Giyim | Trendyol
2020-12-31 15:20:36 INFO  BasePage:62 - 6
2020-12-31 15:20:36 ERROR BasePage:65 - İmajı olmayan butikler:BG Store - Çocuk Koleksiyonu
2020-12-31 15:20:36 ERROR BasePage:65 - İmajı olmayan butikler:Çocukların Ev Giyim Modası
2020-12-31 15:20:36 ERROR BasePage:65 - İmajı olmayan butikler:Oyuncak Festivali
2020-12-31 15:20:36 ERROR BasePage:65 - İmajı olmayan butikler:Slazenger
2020-12-31 15:20:36 ERROR BasePage:65 - İmajı olmayan butikler:Vicco
2020-12-31 15:20:36 ERROR BasePage:65 - İmajı olmayan butikler:Araç Gereç Çok Satanlar
2020-12-31 15:20:37 INFO  BasePage:79 - Test Edilecek Sayfa : Ev Aksesuarları, Ev Eşyaları, Ev ve Yaşam | Trendyol
2020-12-31 15:20:53 INFO  BasePage:62 - 0
2020-12-31 15:20:56 INFO  BasePage:79 - Test Edilecek Sayfa : En Trend Ürünler Türkiye'nin Online Alışveriş Sitesi Trendyol'da
2020-12-31 15:21:03 INFO  BasePage:62 - 0
2020-12-31 15:21:05 INFO  BasePage:79 - Test Edilecek Sayfa : Online Kozmetik, Makyaj Ürünleri, Bakım Ürünleri | Trendyol
2020-12-31 15:21:15 INFO  BasePage:62 - 0
2020-12-31 15:21:17 INFO  BasePage:79 - Test Edilecek Sayfa : Ayakkabı Al, Ayakkabı Markaları, Çanta Markaları | Trendyol
2020-12-31 15:21:37 INFO  BasePage:62 - 2
2020-12-31 15:21:37 ERROR BasePage:65 - İmajı olmayan butikler:Koray Spor
2020-12-31 15:21:37 ERROR BasePage:65 - İmajı olmayan butikler:Aldo & Sole Sisters
2020-12-31 15:21:38 INFO  BasePage:79 - Test Edilecek Sayfa : Kol Saati, Erkek Saat, Bayan Saat ve Gözlük Al | Trendyol
2020-12-31 15:21:47 INFO  BasePage:62 - 0
2020-12-31 15:21:50 INFO  BasePage:79 - Test Edilecek Sayfa : En Trend Ürünler Türkiye'nin Online Alışveriş Sitesi Trendyol'da
2020-12-31 15:21:57 INFO  BasePage:62 - 0
2020-12-31 15:24:03 INFO  BasePage:62 - 1
2020-12-31 15:24:04 ERROR BasePage:65 - İmajı olmayan butikler:
2020-12-31 16:17:11 INFO  UyeOlPageTest:20 - Test Edilecek Sayfa : En Trend Ürünler Türkiye'nin Online Alışveriş Sitesi Trendyol'da
2020-12-31 16:17:53 INFO  UyeOlPageTest:21 - Test Edilecek Sayfa : En Trend Ürünler Türkiye'nin Online Alışveriş Sitesi Trendyol'da
2020-12-31 16:17:55 INFO  BasePage:77 - Test Edilecek Sayfa : Kadın, Moda, Giyim, Stil, Giyim Markaları | Trendyol
2020-12-31 16:17:57 INFO  BasePage:77 - Test Edilecek Sayfa : En Trend Ürünler Türkiye'nin Online Alışveriş Sitesi Trendyol'da
2020-12-31 16:17:57 INFO  BasePage:77 - Test Edilecek Sayfa : En Trend Ürünler Türkiye'nin Online Alışveriş Sitesi Trendyol'da
2020-12-31 16:17:58 INFO  BasePage:77 - Test Edilecek Sayfa : Kadın, Moda, Giyim, Stil, Giyim Markaları | Trendyol
2020-12-31 16:33:21 INFO  UyeOlPageTest:24 - Test Edilecek Sayfa : En Trend Ürünler Türkiye'nin Online Alışveriş Sitesi Trendyol'da
2020-12-31 16:33:22 INFO  BasePage:77 - Test Edilecek Sayfa : Kadın, Moda, Giyim, Stil, Giyim Markaları | Trendyol
2020-12-31 16:33:24 INFO  BasePage:77 - Test Edilecek Sayfa : En Trend Ürünler Türkiye'nin Online Alışveriş Sitesi Trendyol'da
2020-12-31 16:33:25 INFO  BasePage:77 - Test Edilecek Sayfa : En Trend Ürünler Türkiye'nin Online Alışveriş Sitesi Trendyol'da
2020-12-31 16:33:25 INFO  BasePage:77 - Test Edilecek Sayfa : Kadın, Moda, Giyim, Stil, Giyim Markaları | Trendyol
2020-12-31 16:34:27 INFO  BasePage:60 - 0
2020-12-31 16:34:30 INFO  BasePage:77 - Test Edilecek Sayfa : Erkek Giyim, Erkek Kıyafetleri, Erkek Modası | Trendyol
2020-12-31 16:35:14 INFO  BasePage:60 - 0
2020-12-31 16:35:16 INFO  BasePage:77 - Test Edilecek Sayfa : Hamile Giyim, Bebek Kıyafetleri, Çocuk Giyim | Trendyol
2020-12-31 16:35:34 INFO  BasePage:60 - 0
2020-12-31 16:35:40 INFO  BasePage:77 - Test Edilecek Sayfa : Ev Aksesuarları, Ev Eşyaları, Ev ve Yaşam | Trendyol
2020-12-31 16:35:43 INFO  BasePage:60 - 6
2020-12-31 16:35:43 ERROR BasePage:63 - İmajı olmayan butikler:Happy Center Kaçırılmayacak Fırsatlar
2020-12-31 16:35:43 ERROR BasePage:63 - İmajı olmayan butikler:Mobilyada Flaş İndirimler
2020-12-31 16:35:43 ERROR BasePage:63 - İmajı olmayan butikler:Aydınlatmada İndirim Zamanı - sepette %35 indirim
2020-12-31 16:35:43 ERROR BasePage:63 - İmajı olmayan butikler:Dekolia
2020-12-31 16:35:43 ERROR BasePage:63 - İmajı olmayan butikler:Yeni Yıl Heyecanı
2020-12-31 16:35:43 ERROR BasePage:63 - İmajı olmayan butikler:Keyifli Yaşam Alanları
2020-12-31 16:35:43 INFO  BasePage:77 - Test Edilecek Sayfa : En Trend Ürünler Türkiye'nin Online Alışveriş Sitesi Trendyol'da
2020-12-31 16:35:51 INFO  BasePage:60 - 0
2020-12-31 16:35:53 INFO  BasePage:77 - Test Edilecek Sayfa : Online Kozmetik, Makyaj Ürünleri, Bakım Ürünleri | Trendyol
2020-12-31 16:36:03 INFO  BasePage:60 - 0
2020-12-31 16:36:05 INFO  BasePage:77 - Test Edilecek Sayfa : Ayakkabı Al, Ayakkabı Markaları, Çanta Markaları | Trendyol
2020-12-31 16:36:24 INFO  BasePage:60 - 2
2020-12-31 16:36:24 ERROR BasePage:63 - İmajı olmayan butikler:Koray Spor
2020-12-31 16:36:24 ERROR BasePage:63 - İmajı olmayan butikler:Aldo & Sole Sisters
2020-12-31 16:36:26 INFO  BasePage:77 - Test Edilecek Sayfa : Kol Saati, Erkek Saat, Bayan Saat ve Gözlük Al | Trendyol
2020-12-31 16:36:36 INFO  BasePage:60 - 0
2020-12-31 16:36:38 INFO  BasePage:77 - Test Edilecek Sayfa : En Trend Ürünler Türkiye'nin Online Alışveriş Sitesi Trendyol'da
2020-12-31 16:36:40 INFO  BasePage:60 - 6
2020-12-31 16:36:40 ERROR BasePage:63 - İmajı olmayan butikler:Ankastre Fırsatları
2020-12-31 16:36:40 ERROR BasePage:63 - İmajı olmayan butikler:Arzum'dan Yeni Yıl Fırsatları !
2020-12-31 16:36:40 ERROR BasePage:63 - İmajı olmayan butikler:Isıtıcılarda Kaçırılmayacak Fırsatlar
2020-12-31 16:36:40 ERROR BasePage:63 - İmajı olmayan butikler:Oyunculara Özel Fırsatlar
2020-12-31 16:36:40 ERROR BasePage:63 - İmajı olmayan butikler:Regal
2020-12-31 16:36:40 ERROR BasePage:63 - İmajı olmayan butikler:Vestel
2020-12-31 16:50:16 INFO  BasePage:60 - 33
2020-12-31 16:50:17 ERROR BasePage:63 - İmajı olmayan butikler:
2020-12-31 16:50:17 ERROR BasePage:63 - İmajı olmayan butikler:
2020-12-31 16:50:17 ERROR BasePage:63 - İmajı olmayan butikler:
2020-12-31 16:50:17 ERROR BasePage:63 - İmajı olmayan butikler:
2020-12-31 16:50:17 ERROR BasePage:63 - İmajı olmayan butikler:
2020-12-31 16:50:17 ERROR BasePage:63 - İmajı olmayan butikler:
2020-12-31 16:50:17 ERROR BasePage:63 - İmajı olmayan butikler:
2020-12-31 16:50:17 ERROR BasePage:63 - İmajı olmayan butikler:
2020-12-31 16:50:17 ERROR BasePage:63 - İmajı olmayan butikler:
2020-12-31 16:50:17 ERROR BasePage:63 - İmajı olmayan butikler:
2020-12-31 16:50:17 ERROR BasePage:63 - İmajı olmayan butikler:
2020-12-31 16:50:17 ERROR BasePage:63 - İmajı olmayan butikler:
2020-12-31 16:50:17 ERROR BasePage:63 - İmajı olmayan butikler:
2020-12-31 16:50:17 ERROR BasePage:63 - İmajı olmayan butikler:
2020-12-31 16:50:17 ERROR BasePage:63 - İmajı olmayan butikler:
2020-12-31 16:50:17 ERROR BasePage:63 - İmajı olmayan butikler:
2020-12-31 16:50:17 ERROR BasePage:63 - İmajı olmayan butikler:
2020-12-31 16:50:17 ERROR BasePage:63 - İmajı olmayan butikler:
2020-12-31 16:50:17 ERROR BasePage:63 - İmajı olmayan butikler:
2020-12-31 16:50:17 ERROR BasePage:63 - İmajı olmayan butikler:
2020-12-31 16:50:17 ERROR BasePage:63 - İmajı olmayan butikler:
2020-12-31 16:50:17 ERROR BasePage:63 - İmajı olmayan butikler:
2020-12-31 16:50:17 ERROR BasePage:63 - İmajı olmayan butikler:
2020-12-31 16:50:17 ERROR BasePage:63 - İmajı olmayan butikler:
2020-12-31 16:50:17 ERROR BasePage:63 - İmajı olmayan butikler:
2020-12-31 16:50:17 ERROR BasePage:63 - İmajı olmayan butikler:
2020-12-31 16:50:17 ERROR BasePage:63 - İmajı olmayan butikler:
2020-12-31 16:50:17 ERROR BasePage:63 - İmajı olmayan butikler:
2020-12-31 16:50:17 ERROR BasePage:63 - İmajı olmayan butikler:
2020-12-31 16:50:17 ERROR BasePage:63 - İmajı olmayan butikler:
2020-12-31 16:50:17 ERROR BasePage:63 - İmajı olmayan butikler:
2020-12-31 16:50:17 ERROR BasePage:63 - İmajı olmayan butikler:
2020-12-31 16:50:17 ERROR BasePage:63 - İmajı olmayan butikler:
2020-12-31 16:50:22 INFO  BasePage:77 - Test Edilecek Sayfa : Silverline Inox Ankastre Set (2240 CONIC 60+AS5378X01+BO6501X01) | Trendyol
2020-12-31 16:50:22 INFO  BasePage:77 - Test Edilecek Sayfa : Silverline Inox Ankastre Set (2240 CONIC 60+AS5378X01+BO6501X01) | Trendyol
2021-01-01 16:57:24 INFO  UyeOlPageTest:24 - Test Edilecek Sayfa : En Trend Ürünler Türkiye'nin Online Alışveriş Sitesi Trendyol'da
2021-01-01 16:57:26 INFO  BasePage:81 - Test Edilecek Sayfa : Kadın, Moda, Giyim, Stil, Giyim Markaları | Trendyol
2021-01-01 16:57:28 INFO  BasePage:81 - Test Edilecek Sayfa : En Trend Ürünler Türkiye'nin Online Alışveriş Sitesi Trendyol'da
2021-01-01 16:57:29 INFO  BasePage:81 - Test Edilecek Sayfa : En Trend Ürünler Türkiye'nin Online Alışveriş Sitesi Trendyol'da
2021-01-01 17:06:46 INFO  UyeOlPageTest:24 - Test Edilecek Sayfa : En Trend Ürünler Türkiye'nin Online Alışveriş Sitesi Trendyol'da
2021-01-01 17:06:47 INFO  BasePage:81 - Test Edilecek Sayfa : Kadın, Moda, Giyim, Stil, Giyim Markaları | Trendyol
2021-01-01 17:06:50 INFO  BasePage:81 - Test Edilecek Sayfa : En Trend Ürünler Türkiye'nin Online Alışveriş Sitesi Trendyol'da
2021-01-01 17:06:51 INFO  BasePage:81 - Test Edilecek Sayfa : En Trend Ürünler Türkiye'nin Online Alışveriş Sitesi Trendyol'da
2021-01-01 17:07:39 INFO  BasePage:64 - 17
2021-01-01 17:07:39 ERROR BasePage:67 - İmajı olmayan butikler:Guess
2021-01-01 17:07:39 ERROR BasePage:67 - İmajı olmayan butikler:TRENDYOLMİLLA & TRENDYOL MAN - Kaçırılmayacak Fırsatlar
2021-01-01 17:07:39 ERROR BasePage:67 - İmajı olmayan butikler:Koton - Kadın & Erkek & Çocuk Tekstil
2021-01-01 17:07:39 ERROR BasePage:67 - İmajı olmayan butikler:Aqua Di Polo Saat & Güneş Gözlüğü
2021-01-01 17:07:39 ERROR BasePage:67 - İmajı olmayan butikler:Grinin Elli Tonu
2021-01-01 17:07:59 INFO  UyeOlPageTest:24 - Test Edilecek Sayfa : En Trend Ürünler Türkiye'nin Online Alışveriş Sitesi Trendyol'da
2021-01-01 17:08:01 INFO  BasePage:81 - Test Edilecek Sayfa : Kadın, Moda, Giyim, Stil, Giyim Markaları | Trendyol
2021-01-01 17:08:04 INFO  BasePage:81 - Test Edilecek Sayfa : En Trend Ürünler Türkiye'nin Online Alışveriş Sitesi Trendyol'da
2021-01-01 17:08:05 INFO  BasePage:81 - Test Edilecek Sayfa : En Trend Ürünler Türkiye'nin Online Alışveriş Sitesi Trendyol'da
2021-01-01 17:09:09 INFO  BasePage:64 - 0
2021-01-01 17:12:38 INFO  UyeOlPageTest:24 - Test Edilecek Sayfa : En Trend Ürünler Türkiye'nin Online Alışveriş Sitesi Trendyol'da
2021-01-01 17:12:39 INFO  BasePage:81 - Test Edilecek Sayfa : Kadın, Moda, Giyim, Stil, Giyim Markaları | Trendyol
2021-01-01 17:12:41 INFO  BasePage:81 - Test Edilecek Sayfa : En Trend Ürünler Türkiye'nin Online Alışveriş Sitesi Trendyol'da
2021-01-01 17:12:41 INFO  BasePage:81 - Test Edilecek Sayfa : En Trend Ürünler Türkiye'nin Online Alışveriş Sitesi Trendyol'da
2021-01-01 17:15:25 INFO  UyeOlPageTest:24 - Test Edilecek Sayfa : En Trend Ürünler Türkiye'nin Online Alışveriş Sitesi Trendyol'da
2021-01-01 17:15:26 INFO  BasePage:93 - Test Edilecek Sayfa : Kadın, Moda, Giyim, Stil, Giyim Markaları | Trendyol
2021-01-01 17:15:28 INFO  BasePage:93 - Test Edilecek Sayfa : En Trend Ürünler Türkiye'nin Online Alışveriş Sitesi Trendyol'da
2021-01-01 17:15:29 INFO  BasePage:93 - Test Edilecek Sayfa : En Trend Ürünler Türkiye'nin Online Alışveriş Sitesi Trendyol'da
2021-01-01 17:15:39 INFO  BasePage:76 - 0
2021-01-01 17:16:23 INFO  UyeOlPageTest:24 - Test Edilecek Sayfa : En Trend Ürünler Türkiye'nin Online Alışveriş Sitesi Trendyol'da
2021-01-01 17:16:25 INFO  BasePage:93 - Test Edilecek Sayfa : Kadın, Moda, Giyim, Stil, Giyim Markaları | Trendyol
2021-01-01 17:16:27 INFO  BasePage:93 - Test Edilecek Sayfa : En Trend Ürünler Türkiye'nin Online Alışveriş Sitesi Trendyol'da
2021-01-01 17:16:27 INFO  BasePage:93 - Test Edilecek Sayfa : En Trend Ürünler Türkiye'nin Online Alışveriş Sitesi Trendyol'da
2021-01-01 17:17:03 INFO  BasePage:76 - 17
2021-01-01 17:17:03 ERROR BasePage:79 - İmajı olmayan butikler:Guess
2021-01-01 17:17:03 ERROR BasePage:79 - İmajı olmayan butikler:TRENDYOLMİLLA & TRENDYOL MAN - Kaçırılmayacak Fırsatlar
2021-01-01 17:17:03 ERROR BasePage:79 - İmajı olmayan butikler:Koton - Kadın & Erkek & Çocuk Tekstil
2021-01-01 17:17:04 ERROR BasePage:79 - İmajı olmayan butikler:Aqua Di Polo Saat & Güneş Gözlüğü
2021-01-01 17:17:04 ERROR BasePage:79 - İmajı olmayan butikler:Grinin Elli Tonu
2021-01-01 17:17:04 ERROR BasePage:79 - İmajı olmayan butikler:LC Waikiki- Yetişkin & Çocuk & Ev
2021-01-01 17:17:04 ERROR BasePage:79 - İmajı olmayan butikler:Mango - Kadın & Erkek & Çocuk Tekstil
2021-01-01 17:17:04 ERROR BasePage:79 - İmajı olmayan butikler:Penti - Ev Giyim & İç Giyim & Mayo
2021-01-01 17:17:04 ERROR BasePage:79 - İmajı olmayan butikler:Ayakkabıda Ocak Fırsatları
2021-01-01 17:17:04 ERROR BasePage:79 - İmajı olmayan butikler:TRENDYOLMİLLA & TRENDYOL MAN Çok Satanlarda Kaçırılmayacak Fırsatlar
2021-01-01 17:17:04 ERROR BasePage:79 - İmajı olmayan butikler:Trend Alaçatı Stili
2021-01-01 17:17:05 ERROR BasePage:79 - İmajı olmayan butikler:Derimod- Kış Fırsatları
2021-01-01 17:17:05 ERROR BasePage:79 - İmajı olmayan butikler:Kış Fırsatları - Sepette %45 İndirim
2021-01-01 17:17:05 ERROR BasePage:79 - İmajı olmayan butikler:Pull & Bear - Kadın & Erkek
2021-01-01 17:17:05 ERROR BasePage:79 - İmajı olmayan butikler:Ev Tekstilinde Sezon İndirimi
2021-01-01 17:17:05 ERROR BasePage:79 - İmajı olmayan butikler:Dev İndirim - Ev
2021-01-01 17:17:05 ERROR BasePage:79 - İmajı olmayan butikler:Olalook
2021-01-01 17:18:33 INFO  UyeOlPageTest:24 - Test Edilecek Sayfa : En Trend Ürünler Türkiye'nin Online Alışveriş Sitesi Trendyol'da
2021-01-01 17:18:33 INFO  BasePage:93 - Test Edilecek Sayfa : En Trend Ürünler Türkiye'nin Online Alışveriş Sitesi Trendyol'da
2021-01-01 17:19:01 INFO  UyeOlPageTest:24 - Test Edilecek Sayfa : En Trend Ürünler Türkiye'nin Online Alışveriş Sitesi Trendyol'da
2021-01-01 17:19:03 INFO  BasePage:93 - Test Edilecek Sayfa : Kadın, Moda, Giyim, Stil, Giyim Markaları | Trendyol
2021-01-01 17:19:05 INFO  BasePage:93 - Test Edilecek Sayfa : En Trend Ürünler Türkiye'nin Online Alışveriş Sitesi Trendyol'da
2021-01-01 17:19:06 INFO  BasePage:93 - Test Edilecek Sayfa : En Trend Ürünler Türkiye'nin Online Alışveriş Sitesi Trendyol'da
2021-01-01 17:22:25 INFO  UyeOlPageTest:24 - Test Edilecek Sayfa : En Trend Ürünler Türkiye'nin Online Alışveriş Sitesi Trendyol'da
2021-01-01 17:22:26 INFO  BasePage:93 - Test Edilecek Sayfa : Kadın, Moda, Giyim, Stil, Giyim Markaları | Trendyol
2021-01-01 17:22:28 INFO  BasePage:93 - Test Edilecek Sayfa : En Trend Ürünler Türkiye'nin Online Alışveriş Sitesi Trendyol'da
2021-01-01 17:22:29 INFO  BasePage:93 - Test Edilecek Sayfa : En Trend Ürünler Türkiye'nin Online Alışveriş Sitesi Trendyol'da
2021-01-01 17:23:04 INFO  BasePage:76 - 17
2021-01-01 17:23:04 ERROR BasePage:79 - İmajı olmayan butikler:TRENDYOLMİLLA & TRENDYOL MAN - Kaçırılmayacak Fırsatlar
2021-01-01 17:23:04 ERROR BasePage:79 - İmajı olmayan butikler:Koton - Kadın & Erkek & Çocuk Tekstil
2021-01-01 17:23:04 ERROR BasePage:79 - İmajı olmayan butikler:Aqua Di Polo Saat & Güneş Gözlüğü
2021-01-01 17:23:26 INFO  UyeOlPageTest:24 - Test Edilecek Sayfa : En Trend Ürünler Türkiye'nin Online Alışveriş Sitesi Trendyol'da
2021-01-01 17:23:28 INFO  BasePage:93 - Test Edilecek Sayfa : Kadın, Moda, Giyim, Stil, Giyim Markaları | Trendyol
2021-01-01 17:23:31 INFO  BasePage:93 - Test Edilecek Sayfa : En Trend Ürünler Türkiye'nin Online Alışveriş Sitesi Trendyol'da
2021-01-01 17:23:31 INFO  BasePage:93 - Test Edilecek Sayfa : En Trend Ürünler Türkiye'nin Online Alışveriş Sitesi Trendyol'da
2021-01-01 17:24:19 INFO  BasePage:76 - 0
2021-01-01 17:26:12 INFO  UyeOlPageTest:24 - Test Edilecek Sayfa : En Trend Ürünler Türkiye'nin Online Alışveriş Sitesi Trendyol'da
2021-01-01 17:26:13 INFO  BasePage:93 - Test Edilecek Sayfa : Kadın, Moda, Giyim, Stil, Giyim Markaları | Trendyol
2021-01-01 17:26:15 INFO  BasePage:93 - Test Edilecek Sayfa : En Trend Ürünler Türkiye'nin Online Alışveriş Sitesi Trendyol'da
2021-01-01 17:26:15 INFO  BasePage:93 - Test Edilecek Sayfa : En Trend Ürünler Türkiye'nin Online Alışveriş Sitesi Trendyol'da
2021-01-01 17:26:27 INFO  BasePage:76 - 0
2021-01-01 17:29:10 INFO  UyeOlPageTest:24 - Test Edilecek Sayfa : En Trend Ürünler Türkiye'nin Online Alışveriş Sitesi Trendyol'da
2021-01-01 17:29:12 INFO  BasePage:93 - Test Edilecek Sayfa : Kadın, Moda, Giyim, Stil, Giyim Markaları | Trendyol
2021-01-01 17:29:13 INFO  BasePage:93 - Test Edilecek Sayfa : En Trend Ürünler Türkiye'nin Online Alışveriş Sitesi Trendyol'da
2021-01-01 17:29:14 INFO  BasePage:93 - Test Edilecek Sayfa : En Trend Ürünler Türkiye'nin Online Alışveriş Sitesi Trendyol'da
2021-01-01 17:29:24 INFO  BasePage:76 - 0
2021-01-01 17:30:09 INFO  UyeOlPageTest:24 - Test Edilecek Sayfa : En Trend Ürünler Türkiye'nin Online Alışveriş Sitesi Trendyol'da
2021-01-01 17:30:11 INFO  BasePage:93 - Test Edilecek Sayfa : Kadın, Moda, Giyim, Stil, Giyim Markaları | Trendyol
2021-01-01 17:30:13 INFO  BasePage:93 - Test Edilecek Sayfa : En Trend Ürünler Türkiye'nin Online Alışveriş Sitesi Trendyol'da
2021-01-01 17:30:13 INFO  BasePage:93 - Test Edilecek Sayfa : En Trend Ürünler Türkiye'nin Online Alışveriş Sitesi Trendyol'da
2021-01-01 17:57:08 INFO  UyeOlPageTest:24 - Test Edilecek Sayfa : En Trend Ürünler Türkiye'nin Online Alışveriş Sitesi Trendyol'da
2021-01-01 17:57:09 INFO  BasePage:93 - Test Edilecek Sayfa : Kadın, Moda, Giyim, Stil, Giyim Markaları | Trendyol
2021-01-01 17:57:11 INFO  BasePage:93 - Test Edilecek Sayfa : En Trend Ürünler Türkiye'nin Online Alışveriş Sitesi Trendyol'da
2021-01-01 17:57:12 INFO  BasePage:93 - Test Edilecek Sayfa : En Trend Ürünler Türkiye'nin Online Alışveriş Sitesi Trendyol'da
2021-01-01 17:57:13 INFO  BasePage:93 - Test Edilecek Sayfa : Kadın, Moda, Giyim, Stil, Giyim Markaları | Trendyol
2021-01-01 17:57:22 INFO  BasePage:76 - 0
2021-01-01 17:57:24 INFO  BasePage:93 - Test Edilecek Sayfa : Kadın, Moda, Giyim, Stil, Giyim Markaları | Trendyol
2021-01-01 17:57:33 INFO  BasePage:76 - 0
2021-01-01 17:57:35 INFO  BasePage:93 - Test Edilecek Sayfa : Kadın, Moda, Giyim, Stil, Giyim Markaları | Trendyol
2021-01-01 17:57:43 INFO  BasePage:76 - 0
2021-01-01 17:57:45 INFO  BasePage:93 - Test Edilecek Sayfa : Kadın, Moda, Giyim, Stil, Giyim Markaları | Trendyol
2021-01-01 17:59:25 INFO  UyeOlPageTest:24 - Test Edilecek Sayfa : En Trend Ürünler Türkiye'nin Online Alışveriş Sitesi Trendyol'da
2021-01-01 17:59:25 INFO  BasePage:93 - Test Edilecek Sayfa : En Trend Ürünler Türkiye'nin Online Alışveriş Sitesi Trendyol'da
2021-01-01 17:59:29 INFO  BasePage:93 - Test Edilecek Sayfa : En Trend Ürünler Türkiye'nin Online Alışveriş Sitesi Trendyol'da
2021-01-01 17:59:30 INFO  BasePage:93 - Test Edilecek Sayfa : En Trend Ürünler Türkiye'nin Online Alışveriş Sitesi Trendyol'da
2021-01-01 17:59:50 INFO  BasePage:93 - Test Edilecek Sayfa : Kadın, Moda, Giyim, Stil, Giyim Markaları | Trendyol
2021-01-01 17:59:52 INFO  BasePage:76 - 0
2021-01-01 18:03:27 INFO  UyeOlPageTest:24 - Test Edilecek Sayfa : En Trend Ürünler Türkiye'nin Online Alışveriş Sitesi Trendyol'da
2021-01-01 18:03:29 INFO  BasePage:93 - Test Edilecek Sayfa : Kadın, Moda, Giyim, Stil, Giyim Markaları | Trendyol
2021-01-01 18:03:32 INFO  BasePage:93 - Test Edilecek Sayfa : En Trend Ürünler Türkiye'nin Online Alışveriş Sitesi Trendyol'da
2021-01-01 18:03:33 INFO  BasePage:93 - Test Edilecek Sayfa : En Trend Ürünler Türkiye'nin Online Alışveriş Sitesi Trendyol'da
2021-01-01 18:06:22 INFO  UyeOlPageTest:24 - Test Edilecek Sayfa : En Trend Ürünler Türkiye'nin Online Alışveriş Sitesi Trendyol'da
2021-01-01 18:06:24 INFO  BasePage:93 - Test Edilecek Sayfa : Kadın, Moda, Giyim, Stil, Giyim Markaları | Trendyol
2021-01-01 18:06:26 INFO  BasePage:93 - Test Edilecek Sayfa : En Trend Ürünler Türkiye'nin Online Alışveriş Sitesi Trendyol'da
2021-01-01 18:06:27 INFO  BasePage:93 - Test Edilecek Sayfa : En Trend Ürünler Türkiye'nin Online Alışveriş Sitesi Trendyol'da
2021-01-01 18:07:36 INFO  UyeOlPageTest:24 - Test Edilecek Sayfa : En Trend Ürünler Türkiye'nin Online Alışveriş Sitesi Trendyol'da
2021-01-01 18:07:39 INFO  BasePage:93 - Test Edilecek Sayfa : Kadın, Moda, Giyim, Stil, Giyim Markaları | Trendyol
2021-01-01 18:07:41 INFO  BasePage:93 - Test Edilecek Sayfa : En Trend Ürünler Türkiye'nin Online Alışveriş Sitesi Trendyol'da
2021-01-01 18:07:41 INFO  BasePage:93 - Test Edilecek Sayfa : En Trend Ürünler Türkiye'nin Online Alışveriş Sitesi Trendyol'da
2021-01-01 18:07:42 INFO  BasePage:93 - Test Edilecek Sayfa : Kadın, Moda, Giyim, Stil, Giyim Markaları | Trendyol
2021-01-01 18:07:51 INFO  BasePage:76 - 0
2021-01-01 18:07:55 INFO  BasePage:93 - Test Edilecek Sayfa : Erkek Giyim, Erkek Kıyafetleri, Erkek Modası | Trendyol
2021-01-01 18:08:02 INFO  BasePage:76 - 0
2021-01-01 18:08:04 INFO  BasePage:93 - Test Edilecek Sayfa : Hamile Giyim, Bebek Kıyafetleri, Çocuk Giyim | Trendyol
2021-01-01 18:08:07 INFO  BasePage:76 - 0
2021-01-01 18:08:10 INFO  BasePage:93 - Test Edilecek Sayfa : Ev Aksesuarları, Ev Eşyaları, Ev ve Yaşam | Trendyol
2021-01-01 18:08:12 INFO  BasePage:76 - 0
2021-01-01 18:08:14 INFO  BasePage:93 - Test Edilecek Sayfa : En Trend Ürünler Türkiye'nin Online Alışveriş Sitesi Trendyol'da
2021-01-01 18:08:16 INFO  BasePage:76 - 0
2021-01-01 18:08:20 INFO  BasePage:93 - Test Edilecek Sayfa : Online Kozmetik, Makyaj Ürünleri, Bakım Ürünleri | Trendyol
2021-01-01 18:08:23 INFO  BasePage:76 - 0
2021-01-01 18:08:25 INFO  BasePage:93 - Test Edilecek Sayfa : Ayakkabı Al, Ayakkabı Markaları, Çanta Markaları | Trendyol
2021-01-01 18:08:29 INFO  BasePage:76 - 0
2021-01-01 18:08:31 INFO  BasePage:93 - Test Edilecek Sayfa : Kol Saati, Erkek Saat, Bayan Saat ve Gözlük Al | Trendyol
2021-01-01 18:08:34 INFO  BasePage:76 - 0
2021-01-01 18:08:38 INFO  BasePage:76 - 4
2021-01-01 18:08:38 ERROR BasePage:79 - İmajı olmayan butikler:Angemiel Mavi Murono Robot Okey Figürlü Charm Bileklik
2021-01-01 18:08:38 ERROR BasePage:79 - İmajı olmayan butikler:Angemiel Kadın Mavi Paris Figürlü Kalbimin Sarayı Charm Bileklik ALM003446
2021-01-01 18:08:38 ERROR BasePage:79 - İmajı olmayan butikler:Forentina Kadın Rose Kaplama Zirkon Taşlı Charm Yılan Bileklik PS1048
2021-01-01 18:08:38 ERROR BasePage:79 - İmajı olmayan butikler:LABALABA Kadın Antik Gümüş Kaplama Halka Zincir  Multi Charm Bileklik
2021-01-01 18:08:40 INFO  BasePage:93 - Test Edilecek Sayfa : Angemiel Yeşil Deniz Kaplumbağası Yıldızı Charmlı Bileklik | Trendyol
2021-01-01 18:08:42 INFO  BasePage:93 - Test Edilecek Sayfa : Sepetim - Trendyol
2021-01-01 18:12:55 INFO  UyeOlPageTest:24 - Test Edilecek Sayfa : En Trend Ürünler Türkiye'nin Online Alışveriş Sitesi Trendyol'da
2021-01-01 18:12:56 INFO  BasePage:93 - Test Edilecek Sayfa : Kadın, Moda, Giyim, Stil, Giyim Markaları | Trendyol
2021-01-01 18:12:58 INFO  BasePage:93 - Test Edilecek Sayfa : En Trend Ürünler Türkiye'nin Online Alışveriş Sitesi Trendyol'da
2021-01-01 18:12:58 INFO  BasePage:93 - Test Edilecek Sayfa : En Trend Ürünler Türkiye'nin Online Alışveriş Sitesi Trendyol'da
2021-01-01 18:12:59 INFO  BasePage:93 - Test Edilecek Sayfa : Kadın, Moda, Giyim, Stil, Giyim Markaları | Trendyol
2021-01-01 18:13:02 INFO  BasePage:76 - 20
2021-01-01 18:13:02 ERROR BasePage:79 - İmajı olmayan butikler:Toms & Dujour & Noon Collection
2021-01-01 18:13:02 ERROR BasePage:79 - İmajı olmayan butikler:Azuris & Herrison
2021-01-01 18:13:02 ERROR BasePage:79 - İmajı olmayan butikler:Oyunculara Özel Fırsatlar
2021-01-01 18:13:02 ERROR BasePage:79 - İmajı olmayan butikler:Penti - 3 Al 2 Öde
2021-01-01 18:13:02 ERROR BasePage:79 - İmajı olmayan butikler:Fenerium - Yeni Sezon
2021-01-01 18:13:02 ERROR BasePage:79 - İmajı olmayan butikler:Ayakkabı Modası
2021-01-01 18:13:02 ERROR BasePage:79 - İmajı olmayan butikler:Dekorasyonda Yenilik Zamanı
2021-01-01 18:13:02 ERROR BasePage:79 - İmajı olmayan butikler:Sümer Telkari
2021-01-01 18:13:02 ERROR BasePage:79 - İmajı olmayan butikler:Outdoor - Tekstil Ve Ayakkabı
2021-01-01 18:13:02 ERROR BasePage:79 - İmajı olmayan butikler:Mudo Concept
2021-01-01 18:13:02 ERROR BasePage:79 - İmajı olmayan butikler:Banyonuzu Yenileyin
2021-01-01 18:13:02 ERROR BasePage:79 - İmajı olmayan butikler:Greyder - Kış Fırsatı
2021-01-01 18:13:02 ERROR BasePage:79 - İmajı olmayan butikler:Saat & Saat
2021-01-01 18:13:02 ERROR BasePage:79 - İmajı olmayan butikler:Herkese Lazım
2021-01-01 18:13:02 ERROR BasePage:79 - İmajı olmayan butikler:Saatte Dev İndirim
2021-01-01 18:13:02 ERROR BasePage:79 - İmajı olmayan butikler:Mücevherde Kaçırılmayacak Fiyatlar
2021-01-01 18:13:02 ERROR BasePage:79 - İmajı olmayan butikler:Saat & Gözlükte Yılın İlk Fırsatları
2021-01-01 18:13:02 ERROR BasePage:79 - İmajı olmayan butikler:Gözlükte Dev İndirim
2021-01-01 18:13:02 ERROR BasePage:79 - İmajı olmayan butikler:Outdoor Seçimleri
2021-01-01 18:13:02 ERROR BasePage:79 - İmajı olmayan butikler:Evinizi Yenileyin - Halı & Kilim & Perde
2021-01-01 18:13:04 INFO  BasePage:93 - Test Edilecek Sayfa : Erkek Giyim, Erkek Kıyafetleri, Erkek Modası | Trendyol
2021-01-01 18:13:11 INFO  BasePage:76 - 0
2021-01-01 18:13:13 INFO  BasePage:93 - Test Edilecek Sayfa : Hamile Giyim, Bebek Kıyafetleri, Çocuk Giyim | Trendyol
2021-01-01 18:13:16 INFO  BasePage:76 - 0
2021-01-01 18:13:18 INFO  BasePage:93 - Test Edilecek Sayfa : Ev Aksesuarları, Ev Eşyaları, Ev ve Yaşam | Trendyol
2021-01-01 18:13:21 INFO  BasePage:76 - 0
2021-01-01 18:13:23 INFO  BasePage:93 - Test Edilecek Sayfa : En Trend Ürünler Türkiye'nin Online Alışveriş Sitesi Trendyol'da
2021-01-01 18:13:25 INFO  BasePage:76 - 0
2021-01-01 18:13:28 INFO  BasePage:93 - Test Edilecek Sayfa : Online Kozmetik, Makyaj Ürünleri, Bakım Ürünleri | Trendyol
2021-01-01 18:13:31 INFO  BasePage:76 - 0
2021-01-01 18:13:33 INFO  BasePage:93 - Test Edilecek Sayfa : Ayakkabı Al, Ayakkabı Markaları, Çanta Markaları | Trendyol
2021-01-01 18:13:35 INFO  BasePage:76 - 1
2021-01-01 18:13:35 ERROR BasePage:79 - İmajı olmayan butikler:BloominBag
2021-01-01 18:13:36 INFO  BasePage:93 - Test Edilecek Sayfa : Kol Saati, Erkek Saat, Bayan Saat ve Gözlük Al | Trendyol
2021-01-01 18:13:39 INFO  BasePage:76 - 0
2021-01-01 19:14:48 INFO  UyeOlPageTest:24 - Test Edilecek Sayfa : En Trend Ürünler Türkiye'nin Online Alışveriş Sitesi Trendyol'da
2021-01-01 19:14:53 INFO  BasePage:93 - Test Edilecek Sayfa : Kadın, Moda, Giyim, Stil, Giyim Markaları | Trendyol
2021-01-01 19:38:46 INFO  TrendyolTest:25 - Test Edilecek Sayfa : En Trend Ürünler Türkiye'nin Online Alışveriş Sitesi Trendyol'da
2021-01-01 19:38:51 INFO  BasePage:98 - Test Edilecek Sayfa : Kadın, Moda, Giyim, Stil, Giyim Markaları | Trendyol
2021-01-01 19:39:00 INFO  BasePage:82 - 0
2021-01-01 19:39:04 INFO  BasePage:98 - Test Edilecek Sayfa : Erkek Giyim, Erkek Kıyafetleri, Erkek Modası | Trendyol
2021-01-01 19:39:13 INFO  BasePage:82 - 0
2021-01-01 19:39:15 INFO  BasePage:98 - Test Edilecek Sayfa : Hamile Giyim, Bebek Kıyafetleri, Çocuk Giyim | Trendyol
2021-01-01 19:39:19 INFO  BasePage:82 - 0
2021-01-01 19:39:22 INFO  BasePage:98 - Test Edilecek Sayfa : Ev Aksesuarları, Ev Eşyaları, Ev ve Yaşam | Trendyol
2021-01-01 19:39:25 INFO  BasePage:82 - 0
2021-01-01 19:39:28 INFO  BasePage:98 - Test Edilecek Sayfa : En Trend Ürünler Türkiye'nin Online Alışveriş Sitesi Trendyol'da
2021-01-01 19:39:30 INFO  BasePage:82 - 0
2021-01-01 19:39:34 INFO  BasePage:98 - Test Edilecek Sayfa : Online Kozmetik, Makyaj Ürünleri, Bakım Ürünleri | Trendyol
2021-01-01 19:39:36 INFO  BasePage:82 - 0
2021-01-01 19:39:40 INFO  BasePage:98 - Test Edilecek Sayfa : Ayakkabı Al, Ayakkabı Markaları, Çanta Markaları | Trendyol
2021-01-01 19:39:45 INFO  BasePage:82 - 0
2021-01-01 19:39:47 INFO  BasePage:98 - Test Edilecek Sayfa : Kol Saati, Erkek Saat, Bayan Saat ve Gözlük Al | Trendyol
2021-01-01 19:39:50 INFO  BasePage:82 - 0
2021-01-01 19:39:52 INFO  BasePage:98 - Test Edilecek Sayfa : En Trend Ürünler Türkiye'nin Online Alışveriş Sitesi Trendyol'da
2021-01-01 19:39:54 INFO  BasePage:82 - 0
2021-01-01 19:40:13 INFO  BasePage:82 - 0
2021-01-01 19:42:11 INFO  TrendyolTest:25 - Test Edilecek Sayfa : En Trend Ürünler Türkiye'nin Online Alışveriş Sitesi Trendyol'da
2021-01-01 19:42:58 INFO  BasePage:98 - Test Edilecek Sayfa : Kadın, Moda, Giyim, Stil, Giyim Markaları | Trendyol
2021-01-01 19:43:10 INFO  BasePage:82 - 73
2021-01-01 19:43:10 ERROR BasePage:85 - İmajı olmayan butikler:Ocak Ayı Kozmetik Önerileri
2021-01-01 19:43:10 ERROR BasePage:85 - İmajı olmayan butikler:Dev İndirim - Ev
2021-01-01 19:43:10 ERROR BasePage:85 - İmajı olmayan butikler:Aydınlatmada İndirim Zamanı - sepette %35 indirim
2021-01-01 19:43:10 ERROR BasePage:85 - İmajı olmayan butikler:Sofra Mutfak Ürünlerinde Aradığınız Her Şey
2021-01-01 19:43:10 ERROR BasePage:85 - İmajı olmayan butikler:Dilvin
2021-01-01 19:43:10 ERROR BasePage:85 - İmajı olmayan butikler:Pull & Bear - Kadın & Erkek
2021-01-01 19:43:10 ERROR BasePage:85 - İmajı olmayan butikler:Sofra Mutfak Fırsatları - Sepette %15
2021-01-01 19:43:10 ERROR BasePage:85 - İmajı olmayan butikler:Süpermarket 2020'nin En Çok Satan Ürünleri
2021-01-01 19:43:10 ERROR BasePage:85 - İmajı olmayan butikler:Elektrikli Ev Aletleri
2021-01-01 19:43:10 ERROR BasePage:85 - İmajı olmayan butikler:Pratik Ev Gereçleri
2021-01-01 19:43:10 ERROR BasePage:85 - İmajı olmayan butikler:Banyonuz İçin Her Şey
2021-01-01 19:43:10 ERROR BasePage:85 - İmajı olmayan butikler:Hotiç - Kış Fırsatı
2021-01-01 19:43:10 ERROR BasePage:85 - İmajı olmayan butikler:Kozmetikte Fırsat Ürünleri
2021-01-01 19:43:10 ERROR BasePage:85 - İmajı olmayan butikler:Marjin
2021-01-01 19:43:10 ERROR BasePage:85 - İmajı olmayan butikler:Derimod- Yeni Sezon
2021-01-01 19:43:10 ERROR BasePage:85 - İmajı olmayan butikler:Mudo Concept
2021-01-01 19:43:10 ERROR BasePage:85 - İmajı olmayan butikler:Stradivarius - Yeni Sezon
2021-01-01 19:43:10 ERROR BasePage:85 - İmajı olmayan butikler:Tüm Sağlık İhtiyaçlarınız 
2021-01-01 19:43:10 ERROR BasePage:85 - İmajı olmayan butikler:Oysho
2021-01-01 19:43:10 ERROR BasePage:85 - İmajı olmayan butikler:Puma
2021-01-01 19:43:10 ERROR BasePage:85 - İmajı olmayan butikler:Tohum Otizm Vakfı
2021-01-01 19:43:10 ERROR BasePage:85 - İmajı olmayan butikler:Kişisel Bakım Aletleri
2021-01-01 19:43:10 ERROR BasePage:85 - İmajı olmayan butikler:LTB
2021-01-01 19:43:10 ERROR BasePage:85 - İmajı olmayan butikler:Size Özel Bakım Ürünleri
2021-01-01 19:43:10 ERROR BasePage:85 - İmajı olmayan butikler:mavi - Yeni Sezon
2021-01-01 19:43:10 ERROR BasePage:85 - İmajı olmayan butikler:Madmext - Erkek & Kadın Tekstil
2021-01-01 19:43:10 ERROR BasePage:85 - İmajı olmayan butikler:U.S. Polo Assn. - Kadın & Erkek Tekstil
2021-01-01 19:43:10 ERROR BasePage:85 - İmajı olmayan butikler:Süpermarkette Temel İhtiyaçlarınız Kapınızda
2021-01-01 19:43:10 ERROR BasePage:85 - İmajı olmayan butikler:İnan Ayakkabı 
2021-01-01 19:43:10 ERROR BasePage:85 - İmajı olmayan butikler:Mobilyada En Yeniler
2021-01-01 19:43:10 ERROR BasePage:85 - İmajı olmayan butikler:Ev Giyim & İç Giyimde Yeni Yıl Fırsatları
2021-01-01 19:43:10 ERROR BasePage:85 - İmajı olmayan butikler:Gözlükte Fırsat Zamanı 
2021-01-01 19:43:10 ERROR BasePage:85 - İmajı olmayan butikler:Tonny Black - Ayakkabı Koleksiyonu
2021-01-01 19:43:10 ERROR BasePage:85 - İmajı olmayan butikler:Under Armour - Sezon İndirimi
2021-01-01 19:43:10 ERROR BasePage:85 - İmajı olmayan butikler:Pierre Cardin - İç Giyim - 50%
2021-01-01 19:43:10 ERROR BasePage:85 - İmajı olmayan butikler:Cat & Harley Davidson
2021-01-01 19:43:10 ERROR BasePage:85 - İmajı olmayan butikler:Flo
2021-01-01 19:43:10 ERROR BasePage:85 - İmajı olmayan butikler:Ev Tekstilinde Aradığınız Her Şey
2021-01-01 19:43:10 ERROR BasePage:85 - İmajı olmayan butikler:Grimelange - Erkek & Kadın Tekstil
2021-01-01 19:43:10 ERROR BasePage:85 - İmajı olmayan butikler:Vakko
2021-01-01 19:43:10 ERROR BasePage:85 - İmajı olmayan butikler:adL-Yeni Sezon
2021-01-01 19:43:10 ERROR BasePage:85 - İmajı olmayan butikler:Asics & Skechers
2021-01-01 19:43:10 ERROR BasePage:85 - İmajı olmayan butikler:Elle Shoes
2021-01-01 19:43:10 ERROR BasePage:85 - İmajı olmayan butikler:Beyaz Eşyada Kaçırılmayacak Fırsatlar
2021-01-01 19:43:10 ERROR BasePage:85 - İmajı olmayan butikler:Saat & Gözlükte Kış İndirimi
2021-01-01 19:43:10 ERROR BasePage:85 - İmajı olmayan butikler:En Sevdiğiniz Mobilyalar
2021-01-01 19:43:11 ERROR BasePage:85 - İmajı olmayan butikler:Soho Exclusive & Soho Men - Ayakkabı Fırsatı
2021-01-01 19:43:11 ERROR BasePage:85 - İmajı olmayan butikler:Mobilya Dünyası
2021-01-01 19:43:11 ERROR BasePage:85 - İmajı olmayan butikler:Pierre Cardin - Çanta & Cüzdan Koleksiyonu 
2021-01-01 19:43:11 ERROR BasePage:85 - İmajı olmayan butikler:Dark Seer - Yeni Koleksiyon
2021-01-01 19:43:11 ERROR BasePage:85 - İmajı olmayan butikler:Madamra - Çanta Koleksiyonu
2021-01-01 19:43:11 ERROR BasePage:85 - İmajı olmayan butikler:Keramika - Sofra & Mutfak
2021-01-01 19:43:11 ERROR BasePage:85 - İmajı olmayan butikler:Mudo - Kadın & Erkek Tekstil - Yeni Sezon
2021-01-01 19:43:11 ERROR BasePage:85 - İmajı olmayan butikler:Join Us - Yeni Sezon - Kadın Tekstil
2021-01-01 19:43:11 ERROR BasePage:85 - İmajı olmayan butikler:Bahçe & Balkon Mobilyalarında Sezon Sonu Fırsatları
2021-01-01 19:43:11 ERROR BasePage:85 - İmajı olmayan butikler:Ev ve Ev Home & Enlora Home
2021-01-01 19:43:11 ERROR BasePage:85 - İmajı olmayan butikler:Bershka - Yeni Sezon
2021-01-01 19:43:11 ERROR BasePage:85 - İmajı olmayan butikler:Perspective - Kadın Tekstil
2021-01-01 19:43:11 ERROR BasePage:85 - İmajı olmayan butikler:Bambi - 99 TLve Altı Ürünler
2021-01-01 19:43:11 ERROR BasePage:85 - İmajı olmayan butikler:Armani Exchange
2021-01-01 19:43:11 ERROR BasePage:85 - İmajı olmayan butikler:Siyah İnci - Pijama & İç Giyim
2021-01-01 19:43:11 ERROR BasePage:85 - İmajı olmayan butikler:GAP - Kadın & Erkek & Çocuk Tekstil
2021-01-01 19:43:11 ERROR BasePage:85 - İmajı olmayan butikler:BloominBag
2021-01-01 19:43:11 ERROR BasePage:85 - İmajı olmayan butikler:U.S. Polo - Çanta Koleksiyonu
2021-01-01 19:43:11 ERROR BasePage:85 - İmajı olmayan butikler:Chiccy - Kadın Tekstil
2021-01-01 19:43:11 ERROR BasePage:85 - İmajı olmayan butikler:Aksesuar Dünyası
2021-01-01 19:43:11 ERROR BasePage:85 - İmajı olmayan butikler:XHAN - Yeni Koleksiyon - Kadın Tekstil
2021-01-01 19:43:11 ERROR BasePage:85 - İmajı olmayan butikler:Oyun & Oyun Konsolları
2021-01-01 19:43:11 ERROR BasePage:85 - İmajı olmayan butikler:Stil Sahibi Çalışma Alanları
2021-01-01 19:43:11 ERROR BasePage:85 - İmajı olmayan butikler:Deripapuç - Yeni Sezon
2021-01-01 19:43:11 ERROR BasePage:85 - İmajı olmayan butikler:Ayakkabı & Çanta Fırsatları
2021-01-01 19:43:11 ERROR BasePage:85 - İmajı olmayan butikler:Sateen Men
2021-01-01 19:43:11 ERROR BasePage:85 - İmajı olmayan butikler:Elitol Premium & Strawberry - Pijama & İç Giyim
2021-01-01 19:43:14 INFO  BasePage:98 - Test Edilecek Sayfa : Erkek Giyim, Erkek Kıyafetleri, Erkek Modası | Trendyol
2021-01-01 19:43:23 INFO  BasePage:82 - 0
2021-01-01 19:43:24 INFO  BasePage:98 - Test Edilecek Sayfa : Hamile Giyim, Bebek Kıyafetleri, Çocuk Giyim | Trendyol
2021-01-01 19:47:26 INFO  TrendyolTest:25 - Test Edilecek Sayfa : En Trend Ürünler Türkiye'nin Online Alışveriş Sitesi Trendyol'da
2021-01-01 19:48:10 INFO  TrendyolTest:25 - Test Edilecek Sayfa : En Trend Ürünler Türkiye'nin Online Alışveriş Sitesi Trendyol'da
2021-01-01 19:48:52 INFO  TrendyolTest:25 - Test Edilecek Sayfa : En Trend Ürünler Türkiye'nin Online Alışveriş Sitesi Trendyol'da
2021-01-01 19:50:34 INFO  TrendyolTest:25 - Test Edilecek Sayfa : En Trend Ürünler Türkiye'nin Online Alışveriş Sitesi Trendyol'da
2021-01-01 19:50:39 INFO  BasePage:99 - Test Edilecek Sayfa : Kadın, Moda, Giyim, Stil, Giyim Markaları | Trendyol
2021-01-01 19:50:51 INFO  BasePage:83 - 0
2021-01-01 19:50:53 INFO  BasePage:99 - Test Edilecek Sayfa : Erkek Giyim, Erkek Kıyafetleri, Erkek Modası | Trendyol
2021-01-01 19:51:00 INFO  BasePage:83 - 7
2021-01-01 19:51:00 ERROR BasePage:86 - İmajı olmayan butikler:2020'nin En Popüler Saat Gözlük Modelleri
2021-01-01 19:51:00 ERROR BasePage:86 - İmajı olmayan butikler:Xhan Men - Erkek Tekstil
2021-01-01 19:51:00 ERROR BasePage:86 - İmajı olmayan butikler:Oksit - Erkek & Kadın Tekstil
2021-01-01 19:51:00 ERROR BasePage:86 - İmajı olmayan butikler:Fotoğraf & Kamera & Aksesuar
2021-01-01 19:51:00 ERROR BasePage:86 - İmajı olmayan butikler:Saat & Gözlükte İndirim Zamanı
2021-01-01 19:51:00 ERROR BasePage:86 - İmajı olmayan butikler:Saatte Dev İndirim
2021-01-01 19:51:01 ERROR BasePage:86 - İmajı olmayan butikler:Markastok - Outlet
2021-01-01 19:51:02 INFO  BasePage:99 - Test Edilecek Sayfa : Hamile Giyim, Bebek Kıyafetleri, Çocuk Giyim | Trendyol
2021-01-01 19:51:06 INFO  BasePage:83 - 0
2021-01-01 19:51:09 INFO  BasePage:99 - Test Edilecek Sayfa : Ev Aksesuarları, Ev Eşyaları, Ev ve Yaşam | Trendyol
2021-01-01 19:51:12 INFO  BasePage:83 - 0
2021-01-01 19:51:14 INFO  BasePage:99 - Test Edilecek Sayfa : En Trend Ürünler Türkiye'nin Online Alışveriş Sitesi Trendyol'da
2021-01-01 19:51:16 INFO  BasePage:83 - 0
2021-01-01 19:51:18 INFO  BasePage:99 - Test Edilecek Sayfa : Online Kozmetik, Makyaj Ürünleri, Bakım Ürünleri | Trendyol
2021-01-01 19:51:21 INFO  BasePage:83 - 0
2021-01-01 19:51:23 INFO  BasePage:99 - Test Edilecek Sayfa : Ayakkabı Al, Ayakkabı Markaları, Çanta Markaları | Trendyol
2021-01-01 19:51:28 INFO  BasePage:83 - 0
2021-01-01 20:31:27 INFO  TrendyolTest:24 - Test Edilecek Sayfa : En Trend Ürünler Türkiye'nin Online Alışveriş Sitesi Trendyol'da
2021-01-01 20:31:34 INFO  BasePage:99 - Test Edilecek Sayfa : Kadın, Moda, Giyim, Stil, Giyim Markaları | Trendyol
2021-01-01 20:31:38 INFO  BasePage:83 - 20
2021-01-01 20:31:38 ERROR BasePage:86 - İmajı olmayan butikler:Outdoor Seçimleri
2021-01-01 20:31:38 ERROR BasePage:86 - İmajı olmayan butikler:Dekorasyonda Yenilik Zamanı
2021-01-01 20:31:38 ERROR BasePage:86 - İmajı olmayan butikler:Cep Telefonu ve Giyilebilir Ürünler 
2021-01-01 20:31:38 ERROR BasePage:86 - İmajı olmayan butikler:Saat & Gözlükte Yılın İlk Fırsatları
2021-01-01 20:31:38 ERROR BasePage:86 - İmajı olmayan butikler:2020'nin En Popüler Saat Gözlük Modelleri
2021-01-01 20:31:38 ERROR BasePage:86 - İmajı olmayan butikler:Saatte Dev İndirim
2021-01-01 20:31:38 ERROR BasePage:86 - İmajı olmayan butikler:Mücevherde Kaçırılmayacak Fiyatlar
2021-01-01 20:31:38 ERROR BasePage:86 - İmajı olmayan butikler:Gözlükte Dev İndirim
2021-01-01 20:31:38 ERROR BasePage:86 - İmajı olmayan butikler:Herkese Lazım
2021-01-01 20:31:39 ERROR BasePage:86 - İmajı olmayan butikler:Gelin Diamond
2021-01-01 20:31:39 ERROR BasePage:86 - İmajı olmayan butikler:Machka- Kadın Tekstil
2021-01-01 20:31:39 ERROR BasePage:86 - İmajı olmayan butikler:Saatini & Gözlüğünü Seç
2021-01-01 20:31:39 ERROR BasePage:86 - İmajı olmayan butikler:Evimizi Yeniliyoruz
2021-01-01 20:31:39 ERROR BasePage:86 - İmajı olmayan butikler:Tüm Sağlık İhtiyaçlarınız
2021-01-01 20:31:39 ERROR BasePage:86 - İmajı olmayan butikler:By Barun Silver
2021-01-01 20:31:39 ERROR BasePage:86 - İmajı olmayan butikler:Argentum
2021-01-01 20:31:39 ERROR BasePage:86 - İmajı olmayan butikler:Doğuş Perakende - In4out Designer
2021-01-01 20:31:39 ERROR BasePage:86 - İmajı olmayan butikler:Missha
2021-01-01 20:31:39 ERROR BasePage:86 - İmajı olmayan butikler:Size Özel Ev Ürünleri
2021-01-01 20:31:39 ERROR BasePage:86 - İmajı olmayan butikler:Sateen - Kadın Tekstil - Tek Günlük
2021-01-01 20:31:40 INFO  BasePage:99 - Test Edilecek Sayfa : Erkek Giyim, Erkek Kıyafetleri, Erkek Modası | Trendyol
2021-01-01 20:31:49 INFO  BasePage:83 - 0
2021-01-01 20:31:52 INFO  BasePage:99 - Test Edilecek Sayfa : Hamile Giyim, Bebek Kıyafetleri, Çocuk Giyim | Trendyol
2021-01-01 20:31:55 INFO  BasePage:83 - 0
2021-01-01 20:31:59 INFO  BasePage:99 - Test Edilecek Sayfa : Ev Aksesuarları, Ev Eşyaları, Ev ve Yaşam | Trendyol
2021-01-01 20:32:03 INFO  BasePage:83 - 0
2021-01-01 20:32:05 INFO  BasePage:99 - Test Edilecek Sayfa : En Trend Ürünler Türkiye'nin Online Alışveriş Sitesi Trendyol'da
2021-01-01 20:32:08 INFO  BasePage:83 - 0
2021-01-01 20:32:10 INFO  BasePage:99 - Test Edilecek Sayfa : Online Kozmetik, Makyaj Ürünleri, Bakım Ürünleri | Trendyol
2021-01-01 20:32:13 INFO  BasePage:83 - 0
2021-01-01 20:32:15 INFO  BasePage:99 - Test Edilecek Sayfa : Ayakkabı Al, Ayakkabı Markaları, Çanta Markaları | Trendyol
2021-01-01 20:32:19 INFO  BasePage:83 - 0
2021-01-01 20:32:21 INFO  BasePage:99 - Test Edilecek Sayfa : Kol Saati, Erkek Saat, Bayan Saat ve Gözlük Al | Trendyol
2021-01-01 20:32:24 INFO  BasePage:83 - 0
2021-01-01 20:32:26 INFO  BasePage:99 - Test Edilecek Sayfa : En Trend Ürünler Türkiye'nin Online Alışveriş Sitesi Trendyol'da
2021-01-01 20:32:29 INFO  BasePage:83 - 0
2021-01-01 20:32:54 INFO  BasePage:83 - 6
2021-01-01 20:32:55 ERROR BasePage:86 - İmajı olmayan butikler:
2021-01-01 20:32:55 ERROR BasePage:86 - İmajı olmayan butikler:
2021-01-01 20:32:55 ERROR BasePage:86 - İmajı olmayan butikler:
2021-01-01 20:32:55 ERROR BasePage:86 - İmajı olmayan butikler:
2021-01-01 20:32:55 ERROR BasePage:86 - İmajı olmayan butikler:
2021-01-01 20:32:55 ERROR BasePage:86 - İmajı olmayan butikler:
2021-01-01 20:35:46 INFO  TrendyolTest:24 - Test Edilecek Sayfa : En Trend Ürünler Türkiye'nin Online Alışveriş Sitesi Trendyol'da
2021-01-01 20:35:52 INFO  BasePage:99 - Test Edilecek Sayfa : Kadın, Moda, Giyim, Stil, Giyim Markaları | Trendyol
2021-01-01 20:35:55 INFO  BasePage:83 - 20
2021-01-01 20:35:55 ERROR BasePage:86 - İmajı olmayan butikler:Outdoor Seçimleri
2021-01-01 20:35:55 ERROR BasePage:86 - İmajı olmayan butikler:Dekorasyonda Yenilik Zamanı
2021-01-01 20:35:55 ERROR BasePage:86 - İmajı olmayan butikler:Cep Telefonu ve Giyilebilir Ürünler 
2021-01-01 20:35:55 ERROR BasePage:86 - İmajı olmayan butikler:Saat & Gözlükte Yılın İlk Fırsatları
2021-01-01 20:35:55 ERROR BasePage:86 - İmajı olmayan butikler:2020'nin En Popüler Saat Gözlük Modelleri
2021-01-01 20:35:55 ERROR BasePage:86 - İmajı olmayan butikler:Saatte Dev İndirim
2021-01-01 20:35:55 ERROR BasePage:86 - İmajı olmayan butikler:Mücevherde Kaçırılmayacak Fiyatlar
2021-01-01 20:35:55 ERROR BasePage:86 - İmajı olmayan butikler:Gözlükte Dev İndirim
2021-01-01 20:35:55 ERROR BasePage:86 - İmajı olmayan butikler:Herkese Lazım
2021-01-01 20:35:55 ERROR BasePage:86 - İmajı olmayan butikler:Gelin Diamond
2021-01-01 20:35:55 ERROR BasePage:86 - İmajı olmayan butikler:Machka- Kadın Tekstil
2021-01-01 20:35:55 ERROR BasePage:86 - İmajı olmayan butikler:Saatini & Gözlüğünü Seç
2021-01-01 20:35:55 ERROR BasePage:86 - İmajı olmayan butikler:Evimizi Yeniliyoruz
2021-01-01 20:35:55 ERROR BasePage:86 - İmajı olmayan butikler:Tüm Sağlık İhtiyaçlarınız
2021-01-01 20:35:55 ERROR BasePage:86 - İmajı olmayan butikler:By Barun Silver
2021-01-01 20:35:55 ERROR BasePage:86 - İmajı olmayan butikler:Argentum
2021-01-01 20:35:55 ERROR BasePage:86 - İmajı olmayan butikler:Doğuş Perakende - In4out Designer
2021-01-01 20:35:55 ERROR BasePage:86 - İmajı olmayan butikler:Missha
2021-01-01 20:35:55 ERROR BasePage:86 - İmajı olmayan butikler:Size Özel Ev Ürünleri
2021-01-01 20:35:55 ERROR BasePage:86 - İmajı olmayan butikler:Sateen - Kadın Tekstil - Tek Günlük
2021-01-01 20:35:56 INFO  BasePage:99 - Test Edilecek Sayfa : Erkek Giyim, Erkek Kıyafetleri, Erkek Modası | Trendyol
2021-01-01 20:36:04 INFO  BasePage:83 - 0
2021-01-01 20:36:06 INFO  BasePage:99 - Test Edilecek Sayfa : Hamile Giyim, Bebek Kıyafetleri, Çocuk Giyim | Trendyol
2021-01-01 20:36:10 INFO  BasePage:83 - 0
2021-01-01 20:36:17 INFO  BasePage:99 - Test Edilecek Sayfa : Ev Aksesuarları, Ev Eşyaları, Ev ve Yaşam | Trendyol
2021-01-01 20:36:19 INFO  BasePage:83 - 0
2021-01-01 20:36:21 INFO  BasePage:99 - Test Edilecek Sayfa : En Trend Ürünler Türkiye'nin Online Alışveriş Sitesi Trendyol'da
2021-01-01 20:36:24 INFO  BasePage:83 - 0
2021-01-01 20:36:26 INFO  BasePage:99 - Test Edilecek Sayfa : Online Kozmetik, Makyaj Ürünleri, Bakım Ürünleri | Trendyol
2021-01-01 20:36:29 INFO  BasePage:83 - 0
2021-01-01 20:36:31 INFO  BasePage:99 - Test Edilecek Sayfa : Ayakkabı Al, Ayakkabı Markaları, Çanta Markaları | Trendyol
2021-01-01 20:36:32 INFO  BasePage:83 - 20
2021-01-01 20:36:32 ERROR BasePage:86 - İmajı olmayan butikler:Tommy Hilfiger
2021-01-01 20:36:32 ERROR BasePage:86 - İmajı olmayan butikler:SuperStep 
2021-01-01 20:36:32 ERROR BasePage:86 - İmajı olmayan butikler:Derimod- Kış Fırsatları
2021-01-01 20:36:32 ERROR BasePage:86 - İmajı olmayan butikler:Kemal Tanca - Ayakkabı Koleksiyonu
2021-01-01 20:36:32 ERROR BasePage:86 - İmajı olmayan butikler:Bambi - 99 TLve Altı Ürünler
2021-01-01 20:36:32 ERROR BasePage:86 - İmajı olmayan butikler:Pierre Cardin - Çanta & Cüzdan Koleksiyonu 
2021-01-01 20:36:32 ERROR BasePage:86 - İmajı olmayan butikler:Flo - 99 TL Altı Fiyatlar
2021-01-01 20:36:32 ERROR BasePage:86 - İmajı olmayan butikler:Ayakkabı & Çanta Fırsatları
2021-01-01 20:36:33 ERROR BasePage:86 - İmajı olmayan butikler:Deripapuç - Yeni Sezon
2021-01-01 20:36:33 ERROR BasePage:86 - İmajı olmayan butikler:Ziya - Yeni Sezon
2021-01-01 20:36:33 ERROR BasePage:86 - İmajı olmayan butikler:Müge Plus - Çanta & Valiz & Koleksiyonu
2021-01-01 20:36:33 ERROR BasePage:86 - İmajı olmayan butikler:Camper - Kadın & Erkek & Çocuk Koleksiyonu
2021-01-01 20:36:33 ERROR BasePage:86 - İmajı olmayan butikler:Sımsıcak Polarlar
2021-01-01 20:36:33 ERROR BasePage:86 - İmajı olmayan butikler:Fox - Yeni Sezon
2021-01-01 20:36:33 ERROR BasePage:86 - İmajı olmayan butikler:Çanta Festivali
2021-01-01 20:36:33 ERROR BasePage:86 - İmajı olmayan butikler:Under Armour - Sezon İndirimi
2021-01-01 20:36:33 ERROR BasePage:86 - İmajı olmayan butikler:U.S. Polo - Çanta Koleksiyonu
2021-01-01 20:36:33 ERROR BasePage:86 - İmajı olmayan butikler:Rovigo - Ayakkabı Koleksiyonu
2021-01-01 20:36:33 ERROR BasePage:86 - İmajı olmayan butikler:Bir Valiz Dolusu İndirim
2021-01-01 20:36:33 ERROR BasePage:86 - İmajı olmayan butikler:Sportive
2021-01-01 20:36:35 INFO  BasePage:99 - Test Edilecek Sayfa : Kol Saati, Erkek Saat, Bayan Saat ve Gözlük Al | Trendyol
2021-01-01 20:36:38 INFO  BasePage:83 - 0
2021-01-01 20:36:41 INFO  BasePage:99 - Test Edilecek Sayfa : En Trend Ürünler Türkiye'nin Online Alışveriş Sitesi Trendyol'da
2021-01-01 20:36:44 INFO  BasePage:83 - 0
2021-01-01 20:36:50 INFO  BasePage:83 - 0
2021-01-01 20:38:05 INFO  TrendyolTest:24 - Test Edilecek Sayfa : En Trend Ürünler Türkiye'nin Online Alışveriş Sitesi Trendyol'da
2021-01-01 20:38:21 INFO  BasePage:99 - Test Edilecek Sayfa : Kadın, Moda, Giyim, Stil, Giyim Markaları | Trendyol
2021-01-01 20:38:34 INFO  BasePage:83 - 0
2021-01-01 20:38:52 INFO  BasePage:99 - Test Edilecek Sayfa : Erkek Giyim, Erkek Kıyafetleri, Erkek Modası | Trendyol
2021-01-01 20:39:02 INFO  BasePage:83 - 0
2021-01-01 20:39:14 INFO  BasePage:99 - Test Edilecek Sayfa : Hamile Giyim, Bebek Kıyafetleri, Çocuk Giyim | Trendyol
2021-01-01 20:39:18 INFO  BasePage:83 - 0
2021-01-01 20:39:20 INFO  BasePage:99 - Test Edilecek Sayfa : Ev Aksesuarları, Ev Eşyaları, Ev ve Yaşam | Trendyol
2021-01-01 20:39:24 INFO  BasePage:83 - 0
2021-01-01 20:39:26 INFO  BasePage:99 - Test Edilecek Sayfa : En Trend Ürünler Türkiye'nin Online Alışveriş Sitesi Trendyol'da
2021-01-01 20:39:28 INFO  BasePage:83 - 0
2021-01-01 20:39:30 INFO  BasePage:99 - Test Edilecek Sayfa : Online Kozmetik, Makyaj Ürünleri, Bakım Ürünleri | Trendyol
2021-01-01 20:39:34 INFO  BasePage:83 - 0
2021-01-01 20:39:36 INFO  BasePage:99 - Test Edilecek Sayfa : Ayakkabı Al, Ayakkabı Markaları, Çanta Markaları | Trendyol
2021-01-01 20:39:40 INFO  BasePage:83 - 0
2021-01-01 20:39:44 INFO  BasePage:99 - Test Edilecek Sayfa : Kol Saati, Erkek Saat, Bayan Saat ve Gözlük Al | Trendyol
2021-01-01 20:39:47 INFO  BasePage:83 - 0
2021-01-01 20:40:10 INFO  BasePage:99 - Test Edilecek Sayfa : En Trend Ürünler Türkiye'nin Online Alışveriş Sitesi Trendyol'da
2021-01-01 20:40:12 INFO  BasePage:83 - 0
2021-01-01 20:41:09 INFO  BasePage:83 - 27
2021-01-01 20:41:09 ERROR BasePage:86 - İmajı olmayan butikler:
2021-01-01 20:41:09 ERROR BasePage:86 - İmajı olmayan butikler:
2021-01-01 20:41:09 ERROR BasePage:86 - İmajı olmayan butikler:
2021-01-01 20:41:09 ERROR BasePage:86 - İmajı olmayan butikler:
2021-01-01 20:41:09 ERROR BasePage:86 - İmajı olmayan butikler:
2021-01-01 20:41:09 ERROR BasePage:86 - İmajı olmayan butikler:
2021-01-01 20:41:09 ERROR BasePage:86 - İmajı olmayan butikler:
2021-01-01 20:41:09 ERROR BasePage:86 - İmajı olmayan butikler:
2021-01-01 20:41:09 ERROR BasePage:86 - İmajı olmayan butikler:
2021-01-01 20:41:09 ERROR BasePage:86 - İmajı olmayan butikler:
2021-01-01 20:41:09 ERROR BasePage:86 - İmajı olmayan butikler:
2021-01-01 20:41:09 ERROR BasePage:86 - İmajı olmayan butikler:
2021-01-01 20:41:09 ERROR BasePage:86 - İmajı olmayan butikler:
2021-01-01 20:41:09 ERROR BasePage:86 - İmajı olmayan butikler:
2021-01-01 20:41:09 ERROR BasePage:86 - İmajı olmayan butikler:
2021-01-01 20:41:09 ERROR BasePage:86 - İmajı olmayan butikler:
2021-01-01 20:41:09 ERROR BasePage:86 - İmajı olmayan butikler:
2021-01-01 20:41:09 ERROR BasePage:86 - İmajı olmayan butikler:
2021-01-01 20:41:09 ERROR BasePage:86 - İmajı olmayan butikler:
2021-01-01 20:41:09 ERROR BasePage:86 - İmajı olmayan butikler:
2021-01-01 20:41:09 ERROR BasePage:86 - İmajı olmayan butikler:
2021-01-01 20:41:09 ERROR BasePage:86 - İmajı olmayan butikler:
2021-01-01 20:41:09 ERROR BasePage:86 - İmajı olmayan butikler:
2021-01-01 20:41:09 ERROR BasePage:86 - İmajı olmayan butikler:
2021-01-01 20:41:09 ERROR BasePage:86 - İmajı olmayan butikler:
2021-01-01 20:41:09 ERROR BasePage:86 - İmajı olmayan butikler:
2021-01-01 20:41:09 ERROR BasePage:86 - İmajı olmayan butikler:
2021-01-01 20:42:58 INFO  TrendyolTest:24 - Test Edilecek Sayfa : En Trend Ürünler Türkiye'nin Online Alışveriş Sitesi Trendyol'da
2021-01-01 20:43:03 INFO  BasePage:99 - Test Edilecek Sayfa : Kadın, Moda, Giyim, Stil, Giyim Markaları | Trendyol
2021-01-01 20:43:12 INFO  BasePage:83 - 0
2021-01-01 20:43:44 INFO  BasePage:99 - Test Edilecek Sayfa : Erkek Giyim, Erkek Kıyafetleri, Erkek Modası | Trendyol
2021-01-01 20:43:52 INFO  BasePage:83 - 0
2021-01-01 20:43:56 INFO  BasePage:99 - Test Edilecek Sayfa : Hamile Giyim, Bebek Kıyafetleri, Çocuk Giyim | Trendyol
2021-01-01 20:44:00 INFO  BasePage:83 - 0
2021-01-01 20:44:02 INFO  BasePage:99 - Test Edilecek Sayfa : Ev Aksesuarları, Ev Eşyaları, Ev ve Yaşam | Trendyol
2021-01-01 20:44:05 INFO  BasePage:83 - 0
2021-01-01 20:44:08 INFO  BasePage:99 - Test Edilecek Sayfa : En Trend Ürünler Türkiye'nin Online Alışveriş Sitesi Trendyol'da
2021-01-01 20:44:10 INFO  BasePage:83 - 0
2021-01-01 20:44:12 INFO  BasePage:99 - Test Edilecek Sayfa : Online Kozmetik, Makyaj Ürünleri, Bakım Ürünleri | Trendyol
2021-01-01 20:44:15 INFO  BasePage:83 - 0
2021-01-01 20:44:17 INFO  BasePage:99 - Test Edilecek Sayfa : Ayakkabı Al, Ayakkabı Markaları, Çanta Markaları | Trendyol
2021-01-01 20:44:21 INFO  BasePage:83 - 0
2021-01-01 20:44:23 INFO  BasePage:99 - Test Edilecek Sayfa : Kol Saati, Erkek Saat, Bayan Saat ve Gözlük Al | Trendyol
2021-01-01 20:44:26 INFO  BasePage:83 - 0
2021-01-01 20:44:29 INFO  BasePage:99 - Test Edilecek Sayfa : En Trend Ürünler Türkiye'nin Online Alışveriş Sitesi Trendyol'da
2021-01-01 20:44:31 INFO  BasePage:83 - 0
2021-01-01 20:44:46 INFO  BasePage:83 - 5
2021-01-01 20:44:46 ERROR BasePage:86 - İmajı olmayan butikler:
2021-01-01 20:44:46 ERROR BasePage:86 - İmajı olmayan butikler:
2021-01-01 20:44:46 ERROR BasePage:86 - İmajı olmayan butikler:
2021-01-01 20:44:46 ERROR BasePage:86 - İmajı olmayan butikler:
2021-01-01 20:44:46 ERROR BasePage:86 - İmajı olmayan butikler:
